TN:
SF:src/update-latest.ts
FNF:69
FNH:67
DA:30,45
DA:32,44
DA:33,28
DA:58,15
DA:59,11
DA:60,21
DA:61,21
DA:62,21
DA:63,11
DA:64,23
DA:65,31
DA:66,24
DA:68,44
DA:69,24
DA:70,31
DA:71,18
DA:72,1
DA:73,39
DA:74,20
DA:75,1
DA:76,41
DA:77,22
DA:78,1
DA:79,54
DA:80,21
DA:81,1
DA:82,46
DA:83,28
DA:84,1
DA:85,39
DA:86,21
DA:87,1
DA:88,32
DA:89,32
DA:90,1
DA:91,33
DA:92,39
DA:93,1
DA:94,58
DA:95,39
DA:96,1
DA:97,52
DA:98,15
DA:99,3
DA:100,2
DA:102,50
DA:103,12
DA:104,78
DA:105,8
DA:106,11
DA:107,12
DA:108,9
DA:109,14
DA:110,21
DA:111,11
DA:112,2
DA:122,36
DA:123,43
DA:124,45
DA:125,53
DA:133,28
DA:134,15
DA:135,19
DA:136,20
DA:137,22
DA:138,2
DA:143,38
DA:144,49
DA:145,32
DA:175,71
DA:178,34
DA:179,64
DA:180,12
DA:181,2
DA:182,30
DA:183,12
DA:184,2
DA:185,40
DA:186,12
DA:187,2
DA:188,35
DA:189,12
DA:190,2
DA:191,35
DA:192,12
DA:193,2
DA:194,37
DA:195,12
DA:196,2
DA:197,64
DA:198,12
DA:199,2
DA:200,69
DA:201,12
DA:202,2
DA:203,34
DA:204,12
DA:205,2
DA:206,84
DA:207,12
DA:208,2
DA:209,38
DA:210,12
DA:211,2
DA:212,12
DA:220,15
DA:221,25
DA:222,88
DA:223,16
DA:224,0
DA:225,0
DA:228,16
DA:229,40
DA:230,63
DA:231,6
DA:232,2
DA:233,31
DA:234,58
DA:237,1
DA:238,5
DA:239,5
DA:240,3
DA:241,39
DA:242,66
DA:243,11
DA:244,2
DA:245,2
DA:246,6
DA:250,1
DA:251,5
DA:252,8
DA:253,12
DA:254,18
DA:255,3
DA:256,17
DA:257,39
DA:258,42
DA:259,13
DA:260,4
DA:261,30
DA:262,29
DA:263,13
DA:264,4
DA:265,34
DA:266,37
DA:267,13
DA:268,4
DA:269,28
DA:270,53
DA:271,13
DA:272,4
DA:273,16
DA:274,10
DA:275,26
DA:276,39
DA:277,20
DA:278,10
DA:279,5
DA:280,2
DA:281,10
DA:285,1
DA:286,5
DA:287,12
DA:288,18
DA:289,3
DA:290,17
DA:291,40
DA:292,43
DA:293,13
DA:294,4
DA:295,32
DA:296,82
DA:297,13
DA:298,4
DA:299,51
DA:300,86
DA:301,2
DA:302,11
DA:311,39
DA:312,21
DA:313,38
DA:314,28
DA:315,14
DA:316,2
DA:318,40
DA:319,35
DA:320,0
DA:321,4
DA:322,30
DA:323,22
DA:324,0
DA:325,4
DA:326,34
DA:328,70
DA:329,43
DA:330,45
DA:331,17
DA:332,8
DA:333,36
DA:334,85
DA:335,45
DA:336,94
DA:337,1
DA:338,91
DA:339,93
DA:340,7
DA:341,6
DA:342,8
DA:343,4
DA:345,67
DA:346,41
DA:347,81
DA:348,8
DA:349,4
DA:351,68
DA:352,80
DA:353,8
DA:354,4
DA:356,50
DA:357,69
DA:358,45
DA:359,79
DA:360,2
DA:361,2
DA:363,14
DA:370,9
DA:371,17
DA:372,35
DA:373,34
DA:374,22
DA:375,2
DA:376,2
DA:377,11
DA:384,21
DA:385,38
DA:386,28
DA:387,9
DA:388,2
DA:389,46
DA:390,26
DA:391,9
DA:392,2
DA:393,30
DA:394,43
DA:395,27
DA:396,2
DA:397,44
DA:398,52
DA:399,87
DA:400,43
DA:401,2
DA:402,2
DA:403,10
DA:407,21
DA:408,38
DA:409,28
DA:410,6
DA:411,2
DA:412,42
DA:413,68
DA:414,28
DA:415,2
DA:416,7
DA:419,35
DA:427,6
DA:428,9
DA:429,9
DA:430,3
DA:431,61
DA:432,31
DA:433,31
DA:434,37
DA:436,23
DA:437,31
DA:438,51
DA:439,99
DA:440,18
DA:441,2
DA:442,2
DA:444,51
DA:445,17
DA:446,28
DA:447,85
DA:448,55
DA:449,8
DA:450,4
DA:451,38
DA:452,27
DA:453,8
DA:454,4
DA:455,16
DA:456,2
DA:457,13
DA:458,10
DA:474,27
DA:475,43
DA:476,50
DA:477,12
DA:478,9
DA:479,23
DA:480,9
DA:481,15
DA:482,52
DA:483,2
DA:490,6
DA:491,10
DA:492,11
DA:493,17
DA:494,3
DA:495,64
DA:496,60
DA:497,45
DA:498,15
DA:499,2
DA:500,77
DA:501,99
DA:502,28
DA:506,16
DA:507,24
DA:508,30
DA:509,50
DA:510,30
DA:511,20
DA:512,2
DA:513,2
DA:514,13
DA:521,49
DA:524,16
DA:525,41
DA:526,20
DA:527,44
DA:528,2
DA:529,51
DA:533,27
DA:534,43
DA:535,28
DA:547,18
DA:548,97
DA:549,76
DA:550,17
DA:551,76
DA:552,2
DA:553,32
DA:554,4
DA:555,28
DA:556,17
DA:557,24
DA:558,36
DA:559,26
DA:560,0
DA:561,0
DA:562,2
DA:563,20
DA:567,6
DA:568,7
DA:569,7
DA:570,3
DA:571,3
DA:572,42
DA:573,17
DA:574,79
DA:575,25
DA:576,35
DA:577,32
DA:578,32
DA:579,38
DA:580,6
DA:581,21
DA:582,3
DA:583,4
DA:584,29
DA:585,15
DA:600,22
DA:601,60
DA:602,17
DA:603,28
DA:604,65
DA:605,2
DA:606,11
DA:610,12
DA:611,33
DA:612,16
DA:613,2
DA:614,39
DA:615,27
DA:616,2
DA:617,15
DA:625,15
DA:626,39
DA:627,39
DA:628,63
DA:629,11
DA:630,2
DA:631,2
DA:632,12
DA:635,6
DA:636,7
DA:637,12
DA:638,6
DA:639,3
DA:640,28
DA:641,11
DA:642,2
DA:643,34
DA:644,78
DA:645,32
DA:648,6
DA:649,9
DA:650,12
DA:651,6
DA:652,3
DA:653,30
DA:654,11
DA:655,2
DA:656,34
DA:657,21
DA:658,68
DA:659,12
DA:660,31
DA:664,1
DA:665,9
DA:666,12
DA:667,6
DA:668,3
DA:669,34
DA:670,21
DA:671,56
DA:672,12
DA:673,31
DA:681,9
DA:682,44
DA:683,8
DA:684,22
DA:685,22
DA:686,37
DA:687,5
DA:688,19
DA:711,14
DA:712,80
DA:713,13
DA:721,9
DA:722,87
DA:723,48
DA:724,32
DA:726,41
DA:727,9
DA:728,28
DA:729,87
DA:730,3
DA:731,5
DA:733,83
DA:735,33
DA:736,55
DA:737,99
DA:738,2
DA:740,12
DA:741,95
DA:742,4
DA:744,27
DA:745,27
DA:746,48
DA:747,11
DA:748,57
DA:750,19
DA:751,59
DA:753,4
DA:755,22
DA:756,26
DA:757,18
DA:758,18
DA:759,17
DA:761,45
DA:762,21
DA:763,35
DA:764,72
DA:765,45
DA:766,34
DA:767,66
DA:768,53
DA:769,63
DA:770,20
DA:771,8
DA:772,6
DA:773,62
DA:774,37
DA:775,0
DA:776,0
DA:777,6
DA:778,82
DA:779,97
DA:780,17
DA:781,4
DA:782,30
DA:783,13
DA:784,4
DA:785,49
DA:786,24
DA:787,38
DA:788,33
DA:789,2
DA:790,2
DA:792,12
DA:793,98
DA:794,4
DA:795,36
DA:796,44
DA:797,2
DA:799,29
DA:800,53
DA:801,45
DA:802,58
DA:803,2
DA:805,77
DA:821,19
DA:822,32
DA:823,10
DA:824,2
DA:825,32
DA:826,10
DA:827,2
DA:828,31
DA:829,24
DA:830,2
DA:831,9
DA:840,1
DA:841,8
DA:842,10
DA:843,16
DA:844,6
DA:845,3
DA:846,37
DA:847,11
DA:848,2
DA:849,45
DA:850,23
DA:851,0
DA:852,2
DA:853,46
DA:854,21
DA:855,0
DA:856,2
DA:857,32
DA:858,22
DA:859,29
DA:860,36
DA:862,45
DA:863,70
DA:864,74
DA:865,39
DA:866,7
DA:867,38
DA:868,31
DA:869,3
DA:870,8
DA:871,4
DA:872,6
DA:873,14
DA:874,48
DA:875,22
DA:876,31
DA:877,1
DA:878,2
DA:880,46
DA:881,56
DA:882,95
DA:883,76
DA:884,48
DA:885,17
DA:886,42
DA:887,16
DA:888,24
DA:889,22
DA:890,78
DA:891,1
DA:892,4
DA:894,47
DA:895,29
DA:896,45
DA:897,40
DA:898,29
DA:899,31
DA:900,24
DA:901,6
DA:902,4
DA:903,4
DA:904,67
DA:905,32
DA:906,11
DA:907,4
DA:908,49
DA:909,33
DA:910,16
DA:911,54
DA:912,28
DA:913,58
DA:914,1
DA:915,4
DA:916,26
DA:917,70
DA:918,13
DA:919,71
DA:920,0
DA:922,0
DA:932,9
DA:933,77
DA:934,26
DA:935,25
DA:936,0
DA:937,2
DA:938,60
DA:939,31
DA:940,87
DA:941,2
DA:942,48
DA:945,23
DA:946,30
DA:947,40
DA:948,75
DA:949,15
DA:950,6
DA:951,60
DA:952,43
DA:953,36
DA:954,85
DA:955,1
DA:956,14
DA:957,38
DA:958,47
DA:960,2
DA:961,2
DA:964,22
DA:965,32
DA:966,54
DA:967,31
DA:968,23
DA:969,0
DA:970,4
DA:971,15
DA:972,11
DA:973,46
DA:975,0
DA:976,0
DA:977,4
DA:979,71
DA:980,41
DA:981,78
DA:982,32
DA:983,85
DA:984,3
DA:985,4
DA:988,56
DA:989,19
DA:990,31
DA:991,31
DA:992,30
DA:994,4
DA:998,30
DA:999,37
DA:1000,38
DA:1001,29
DA:1002,34
DA:1003,1
DA:1004,12
DA:1005,24
DA:1009,18
DA:1010,36
DA:1011,35
DA:1012,13
DA:1013,4
DA:1014,37
DA:1015,34
DA:1016,32
DA:1017,28
DA:1018,45
DA:1019,9
DA:1020,17
DA:1021,2
DA:1022,2
DA:1024,102
DA:1025,25
DA:1026,32
DA:1027,2
DA:1030,26
DA:1031,30
DA:1032,49
DA:1033,61
DA:1034,13
DA:1035,4
DA:1036,53
DA:1037,24
DA:1038,38
DA:1039,33
DA:1040,2
DA:1041,2
DA:1043,47
DA:1044,51
DA:1045,2
DA:1046,30
DA:1047,27
DA:1048,2
DA:1049,48
DA:1050,12
DA:1051,127
DA:1052,4
DA:1053,23
DA:1054,62
DA:1055,2
DA:1056,36
DA:1057,44
DA:1058,2
DA:1060,29
DA:1061,53
DA:1062,45
DA:1063,58
DA:1064,2
DA:1066,80
DA:1078,38
DA:1079,31
DA:1080,45
DA:1081,45
DA:1082,8
DA:1083,2
DA:1084,33
DA:1085,35
DA:1091,20
DA:1092,0
DA:1093,0
DA:1094,0
DA:1095,0
DA:1097,0
LF:730
LH:709
end_of_record
TN:
SF:tests/preload.ts
FNF:1
FNH:0
DA:8,32
DA:10,32
DA:11,32
DA:12,32
DA:14,24
LF:5
LH:5
end_of_record
TN:
SF:tests/update-latest.test.ts
FNF:236
FNH:233
DA:15,86
DA:16,65
DA:17,33
DA:18,51
DA:20,28
DA:22,410
DA:50,60
DA:55,36
DA:56,38
DA:58,10
DA:59,42
DA:63,1
DA:64,7
DA:65,3
DA:66,3
DA:67,52
DA:68,9
DA:69,58
DA:70,33
DA:71,53
DA:72,34
DA:73,4
DA:74,29
DA:76,5
DA:77,50
DA:81,10
DA:82,12
DA:83,13
DA:84,18
DA:85,18
DA:86,19
DA:87,20
DA:88,20
DA:89,28
DA:90,24
DA:91,6
DA:92,1
DA:96,23
DA:97,13
DA:98,9
DA:99,17
DA:101,19
DA:102,19
DA:104,39
DA:105,33
DA:106,46
DA:107,2
DA:111,57
DA:112,88
DA:115,27
DA:116,31
DA:117,0
DA:118,0
DA:119,0
DA:120,0
DA:121,0
DA:122,0
DA:123,0
DA:124,0
DA:125,0
DA:134,6
DA:135,33
DA:136,37
DA:138,36
DA:139,43
DA:140,38
DA:141,44
DA:142,40
DA:143,45
DA:145,82
DA:152,29
DA:153,38
DA:154,28
DA:155,35
DA:156,43
DA:157,36
DA:158,33
DA:159,33
DA:160,33
DA:161,35
DA:162,53
DA:163,4
DA:165,51
DA:166,55
DA:167,60
DA:168,64
DA:169,60
DA:170,75
DA:171,61
DA:172,58
DA:173,52
DA:174,86
DA:175,66
DA:176,4
DA:178,66
DA:179,68
DA:180,73
DA:181,4
DA:183,77
DA:184,32
DA:185,35
DA:186,55
DA:187,41
DA:188,4
DA:190,49
DA:191,70
DA:192,3
DA:193,3
DA:199,35
DA:200,68
DA:201,25
DA:202,17
DA:203,20
DA:204,20
DA:205,18
DA:206,18
DA:207,20
DA:208,22
DA:209,16
DA:210,17
DA:211,18
DA:212,23
DA:213,16
DA:214,17
DA:215,10
DA:216,6
DA:217,33
DA:218,50
DA:219,2
DA:220,4
DA:222,97
DA:223,75
DA:224,52
DA:225,48
DA:226,2
DA:227,4
DA:229,72
DA:230,65
DA:231,49
DA:232,2
DA:233,3
DA:234,3
DA:240,43
DA:241,54
DA:242,77
DA:243,77
DA:244,79
DA:245,79
DA:246,77
DA:247,77
DA:248,77
DA:249,75
DA:250,81
DA:251,63
DA:252,4
DA:254,80
DA:255,56
DA:256,54
DA:257,54
DA:258,3
DA:259,3
DA:265,31
DA:266,1996
DA:302,98
DA:303,48
DA:304,56
DA:306,41
DA:307,66
DA:308,6
DA:309,45
DA:310,44
DA:311,44
DA:313,64
DA:314,61
DA:315,45
DA:316,49
DA:317,74
DA:318,41
DA:319,68
DA:320,50
DA:321,40
DA:322,72
DA:323,4
DA:325,83
DA:326,48
DA:327,62
DA:328,34
DA:329,33
DA:330,63
DA:331,2
DA:332,4
DA:334,93
DA:335,107
DA:336,49
DA:337,4
DA:339,79
DA:340,54
DA:341,60
DA:342,60
DA:343,4
DA:345,76
DA:346,180
DA:347,71
DA:348,80
DA:349,3
DA:350,3
DA:352,27
DA:353,70
DA:354,62
DA:355,34
DA:356,31
DA:357,113
DA:358,50
DA:359,67
DA:360,50
DA:361,4
DA:362,2
DA:363,3
DA:364,3
DA:370,41
DA:371,40
DA:372,98
DA:373,19
DA:374,12
DA:375,5
DA:376,4
DA:377,58
DA:378,104
DA:379,16
DA:380,5
DA:381,4
DA:382,66
DA:383,90
DA:384,4
DA:385,67
DA:386,79
DA:387,4
DA:388,71
DA:389,72
DA:390,60
DA:391,55
DA:392,4
DA:393,70
DA:394,106
DA:395,19
DA:396,20
DA:397,5
DA:398,3
DA:399,3
DA:401,35
DA:402,60
DA:403,70
DA:404,74
DA:405,70
DA:406,56
DA:407,3
DA:408,3
DA:414,39
DA:415,18
DA:416,25
DA:417,36
DA:418,36
DA:419,39
DA:420,34
DA:421,31
DA:422,43
DA:423,4
DA:424,54
DA:426,84
DA:427,35
DA:428,93
DA:429,31
DA:430,34
DA:431,34
DA:432,34
DA:433,8
DA:434,5
DA:435,4
DA:437,57
DA:438,35
DA:439,98
DA:440,76
DA:441,5
DA:442,4
DA:444,48
DA:445,35
DA:446,91
DA:447,12
DA:448,8
DA:449,83
DA:450,5
DA:451,4
DA:453,81
DA:454,35
DA:455,81
DA:456,87
DA:457,60
DA:458,5
DA:459,4
DA:461,63
DA:462,35
DA:463,85
DA:464,50
DA:465,56
DA:466,5
DA:467,4
DA:469,45
DA:470,35
DA:471,75
DA:472,5
DA:473,3
DA:474,3
DA:480,55
DA:481,326
DA:486,196
DA:487,134
DA:489,55
DA:490,77
DA:491,80
DA:492,34
DA:493,69
DA:494,5
DA:495,4
DA:497,94
DA:498,15
DA:499,74
DA:500,15
DA:501,79
DA:502,34
DA:503,87
DA:504,76
DA:505,17
DA:506,16
DA:507,18
DA:508,8
DA:510,5
DA:511,4
DA:513,55
DA:514,15
DA:515,76
DA:516,15
DA:517,90
DA:519,5
DA:520,3
DA:521,3
DA:527,30
DA:528,92
DA:529,79
DA:530,21
DA:531,61
DA:532,60
DA:533,6
DA:534,56
DA:535,69
DA:536,4
DA:538,64
DA:539,56
DA:540,3
DA:541,3
DA:543,34
DA:544,49
DA:545,67
DA:546,99
DA:547,96
DA:548,3
DA:549,3
DA:551,73
DA:552,46
DA:553,54
DA:554,58
DA:555,53
DA:556,44
DA:557,4
DA:559,45
DA:560,55
DA:561,83
DA:562,4
DA:564,46
DA:565,56
DA:566,7
DA:567,17
DA:568,7
DA:569,22
DA:570,19
DA:571,3
DA:572,6
DA:573,4
DA:574,1
DA:575,52
DA:576,3
DA:577,3
DA:579,31
DA:580,50
DA:581,46
DA:582,45
DA:583,43
DA:584,39
DA:585,43
DA:586,3
DA:587,3
DA:589,33
DA:590,76
DA:591,56
DA:592,30
DA:593,14
DA:594,33
DA:595,48
DA:596,30
DA:597,13
DA:598,20
DA:599,0
DA:600,0
DA:602,18
DA:603,3
DA:604,3
DA:611,32
DA:612,8
DA:613,21
DA:614,25
DA:615,4
DA:616,20
DA:617,17
DA:618,4
DA:624,34
DA:625,73
DA:626,57
DA:627,68
DA:628,37
DA:629,48
DA:630,43
DA:631,7
DA:632,6
DA:634,42
DA:635,48
DA:636,61
DA:637,6
DA:639,84
DA:640,8
DA:641,59
DA:642,55
DA:643,61
DA:644,75
DA:645,66
DA:646,66
DA:647,66
DA:648,65
DA:649,4
DA:650,4
DA:656,35
DA:657,294
DA:667,343
DA:677,202
DA:684,91
DA:685,80
DA:687,96
DA:688,37
DA:689,75
DA:690,73
DA:692,36
DA:693,36
DA:694,35
DA:695,49
DA:696,47
DA:697,45
DA:698,56
DA:701,49
DA:702,49
DA:703,47
DA:705,59
DA:706,99
DA:707,98
DA:708,103
DA:709,103
DA:710,96
DA:711,7
DA:712,6
DA:714,69
DA:715,37
DA:716,75
DA:717,87
DA:718,36
DA:719,45
DA:720,47
DA:721,46
DA:722,7
DA:723,6
DA:725,78
DA:726,37
DA:727,75
DA:728,88
DA:729,49
DA:730,104
DA:731,43
DA:732,7
DA:733,6
DA:735,74
DA:736,37
DA:737,75
DA:738,43
DA:739,88
DA:740,49
DA:741,43
DA:742,7
DA:743,6
DA:745,72
DA:746,15
DA:747,105
DA:748,17
DA:749,91
DA:750,22
DA:751,79
DA:752,10
DA:753,36
DA:754,48
DA:756,7
DA:757,6
DA:759,72
DA:760,15
DA:761,98
DA:762,17
DA:763,91
DA:764,37
DA:765,21
DA:766,21
DA:767,20
DA:768,27
DA:769,32
DA:770,20
DA:771,11
DA:772,46
DA:774,7
DA:775,4
DA:776,4
DA:782,41
DA:783,292
DA:789,261
DA:797,196
DA:804,91
DA:805,79
DA:807,108
DA:808,37
DA:809,59
DA:810,90
DA:812,36
DA:813,35
DA:814,45
DA:815,52
DA:817,250
DA:829,10
DA:831,59
DA:832,101
DA:833,105
DA:834,104
DA:836,59
DA:837,101
DA:838,100
DA:839,7
DA:840,6
DA:842,44
DA:843,37
DA:844,59
DA:845,104
DA:846,36
DA:847,46
DA:848,7
DA:849,6
DA:851,85
DA:852,15
DA:853,9
DA:854,16
DA:855,110
DA:856,2
DA:857,17
DA:858,77
DA:859,90
DA:861,35
DA:862,36
DA:863,46
DA:865,117
DA:866,110
DA:867,59
DA:868,99
DA:869,95
DA:871,7
DA:872,6
DA:874,61
DA:875,15
DA:876,9
DA:877,111
DA:885,95
DA:886,2
DA:887,17
DA:888,70
DA:889,78
DA:890,51
DA:891,96
DA:892,102
DA:893,96
DA:895,7
DA:896,6
DA:898,84
DA:899,15
DA:900,9
DA:901,157
DA:912,117
DA:913,2
DA:914,17
DA:915,70
DA:916,90
DA:917,36
DA:918,51
DA:919,102
DA:920,101
DA:922,7
DA:923,6
DA:925,66
DA:926,15
DA:927,9
DA:928,111
DA:929,95
DA:930,2
DA:931,17
DA:932,70
DA:933,78
DA:934,118
DA:936,7
DA:937,6
DA:939,74
DA:940,15
DA:941,9
DA:942,139
DA:949,95
DA:950,2
DA:951,17
DA:952,70
DA:953,90
DA:954,36
DA:955,49
DA:956,37
DA:957,38
DA:958,47
DA:959,9
DA:961,7
DA:962,6
DA:964,91
DA:965,15
DA:966,9
DA:967,16
DA:968,95
DA:969,2
DA:970,17
DA:971,70
DA:972,93
DA:973,49
DA:974,103
DA:976,7
DA:977,6
DA:979,77
DA:980,15
DA:981,9
DA:982,139
DA:989,97
DA:990,2
DA:991,17
DA:992,90
DA:993,36
DA:994,47
DA:995,46
DA:997,7
DA:998,6
DA:1000,61
DA:1001,15
DA:1002,76
DA:1003,17
DA:1004,18
DA:1005,65
DA:1006,12
DA:1007,9
DA:1009,7
DA:1010,4
DA:1011,4
DA:1017,27
DA:1018,61
DA:1019,15
DA:1020,82
DA:1021,17
DA:1022,74
DA:1023,92
DA:1024,29
DA:1025,47
DA:1026,46
DA:1028,7
DA:1029,6
DA:1031,61
DA:1032,57
DA:1033,72
DA:1034,29
DA:1035,83
DA:1036,7
DA:1037,6
DA:1039,59
DA:1040,15
DA:1041,82
DA:1042,17
DA:1043,74
DA:1044,43
DA:1045,61
DA:1046,29
DA:1047,48
DA:1049,7
DA:1050,4
DA:1051,4
DA:1058,38
DA:1059,98
DA:1060,15
DA:1061,102
DA:1062,17
DA:1063,91
DA:1064,75
DA:1066,116
DA:1067,104
DA:1068,100
DA:1069,118
DA:1070,98
DA:1071,46
DA:1072,46
DA:1074,7
DA:1075,6
DA:1077,90
DA:1078,15
DA:1079,82
DA:1080,17
DA:1081,75
DA:1083,123
DA:1084,47
DA:1085,85
DA:1086,46
DA:1087,46
DA:1089,7
DA:1090,6
DA:1092,94
DA:1093,15
DA:1094,93
DA:1095,17
DA:1096,77
DA:1097,75
DA:1099,79
DA:1100,76
DA:1101,98
DA:1102,117
DA:1104,7
DA:1105,6
DA:1107,93
DA:1108,15
DA:1109,82
DA:1110,17
DA:1111,74
DA:1112,76
DA:1114,97
DA:1115,49
DA:1116,49
DA:1117,84
DA:1119,7
DA:1120,6
DA:1122,93
DA:1123,15
DA:1124,9
DA:1125,80
DA:1126,98
DA:1127,95
DA:1128,2
DA:1129,17
DA:1130,70
DA:1131,92
DA:1133,101
DA:1134,133
DA:1135,98
DA:1136,74
DA:1137,78
DA:1139,7
DA:1140,6
DA:1142,83
DA:1143,15
DA:1144,9
DA:1145,16
DA:1146,115
DA:1147,97
DA:1148,2
DA:1149,17
DA:1150,92
DA:1152,116
DA:1153,46
DA:1155,7
DA:1156,6
DA:1158,83
DA:1159,57
DA:1160,61
DA:1161,43
DA:1163,29
DA:1164,95
DA:1165,46
DA:1166,7
DA:1167,4
DA:1168,3
DA:1169,2
LF:805
LH:794
end_of_record
