TN:
SF:src/update-latest.ts
FNF:67
FNH:65
DA:30,45
DA:32,28
DA:57,15
DA:58,11
DA:59,21
DA:60,21
DA:61,21
DA:62,11
DA:63,23
DA:64,31
DA:65,24
DA:67,44
DA:68,24
DA:69,31
DA:70,18
DA:71,1
DA:72,39
DA:73,20
DA:74,1
DA:75,41
DA:76,22
DA:77,1
DA:78,54
DA:79,21
DA:80,1
DA:81,46
DA:82,28
DA:83,1
DA:84,39
DA:85,21
DA:86,1
DA:87,32
DA:88,32
DA:89,1
DA:90,33
DA:91,39
DA:92,1
DA:93,38
DA:94,39
DA:95,1
DA:96,52
DA:97,15
DA:98,3
DA:99,2
DA:101,50
DA:102,12
DA:103,78
DA:104,8
DA:105,11
DA:106,12
DA:107,9
DA:108,14
DA:109,21
DA:110,11
DA:111,2
DA:121,36
DA:122,43
DA:123,45
DA:124,53
DA:132,28
DA:133,15
DA:134,19
DA:135,20
DA:136,22
DA:137,2
DA:142,38
DA:143,49
DA:144,32
DA:174,71
DA:177,34
DA:178,64
DA:179,12
DA:180,2
DA:181,30
DA:182,12
DA:183,2
DA:184,40
DA:185,12
DA:186,2
DA:187,35
DA:188,12
DA:189,2
DA:190,35
DA:191,12
DA:192,2
DA:193,37
DA:194,12
DA:195,2
DA:196,64
DA:197,12
DA:198,2
DA:199,69
DA:200,12
DA:201,2
DA:202,34
DA:203,12
DA:204,2
DA:205,84
DA:206,12
DA:207,2
DA:208,38
DA:209,12
DA:210,2
DA:211,12
DA:219,15
DA:220,25
DA:221,88
DA:222,16
DA:223,0
DA:224,0
DA:227,16
DA:228,40
DA:229,63
DA:230,6
DA:231,2
DA:232,31
DA:233,58
DA:236,1
DA:237,5
DA:238,5
DA:239,3
DA:240,39
DA:241,66
DA:242,11
DA:243,2
DA:244,2
DA:245,6
DA:249,1
DA:250,5
DA:251,8
DA:252,12
DA:253,18
DA:254,5
DA:255,3
DA:256,39
DA:257,42
DA:258,13
DA:259,4
DA:260,30
DA:261,29
DA:262,13
DA:263,4
DA:264,34
DA:265,37
DA:266,13
DA:267,4
DA:268,28
DA:269,53
DA:270,13
DA:271,4
DA:272,16
DA:273,10
DA:274,26
DA:275,39
DA:276,20
DA:277,10
DA:278,5
DA:279,1
DA:283,1
DA:284,5
DA:285,12
DA:286,18
DA:287,5
DA:288,3
DA:289,40
DA:290,43
DA:291,13
DA:292,4
DA:293,32
DA:294,82
DA:295,13
DA:296,4
DA:297,51
DA:298,78
DA:299,2
DA:308,39
DA:309,21
DA:310,38
DA:311,28
DA:312,14
DA:313,2
DA:315,40
DA:316,35
DA:317,0
DA:318,4
DA:319,30
DA:320,22
DA:321,0
DA:322,4
DA:323,34
DA:325,70
DA:326,43
DA:327,45
DA:328,17
DA:329,8
DA:330,36
DA:331,85
DA:332,45
DA:333,86
DA:334,1
DA:335,91
DA:336,85
DA:337,7
DA:338,6
DA:339,8
DA:340,4
DA:342,67
DA:343,41
DA:344,73
DA:345,8
DA:346,4
DA:348,68
DA:349,72
DA:350,8
DA:351,4
DA:353,50
DA:354,69
DA:355,45
DA:356,71
DA:357,2
DA:358,2
DA:360,14
DA:367,9
DA:368,17
DA:369,35
DA:370,34
DA:371,22
DA:372,2
DA:373,2
DA:374,11
DA:381,21
DA:382,38
DA:383,28
DA:384,9
DA:385,2
DA:386,46
DA:387,26
DA:388,9
DA:389,2
DA:390,30
DA:391,43
DA:392,27
DA:393,2
DA:394,44
DA:395,52
DA:396,87
DA:397,43
DA:398,2
DA:399,2
DA:400,10
DA:404,21
DA:405,38
DA:406,28
DA:407,6
DA:408,2
DA:409,42
DA:410,68
DA:411,28
DA:412,2
DA:413,7
DA:416,35
DA:424,6
DA:425,9
DA:426,9
DA:427,3
DA:428,61
DA:429,31
DA:430,31
DA:431,37
DA:433,23
DA:434,31
DA:435,51
DA:436,99
DA:437,18
DA:438,2
DA:439,2
DA:441,51
DA:442,17
DA:443,28
DA:444,85
DA:445,55
DA:446,8
DA:447,4
DA:448,38
DA:449,27
DA:450,8
DA:451,4
DA:452,16
DA:453,2
DA:454,13
DA:455,10
DA:471,27
DA:472,43
DA:473,50
DA:474,12
DA:475,9
DA:476,23
DA:477,9
DA:478,15
DA:479,52
DA:480,2
DA:487,6
DA:488,10
DA:489,11
DA:490,17
DA:491,3
DA:492,64
DA:493,60
DA:494,45
DA:495,15
DA:496,2
DA:497,77
DA:498,93
DA:499,28
DA:503,16
DA:504,24
DA:505,30
DA:506,50
DA:507,30
DA:508,20
DA:509,2
DA:510,2
DA:511,13
DA:518,49
DA:521,16
DA:522,41
DA:523,20
DA:524,44
DA:525,2
DA:526,51
DA:530,27
DA:531,43
DA:532,28
DA:547,6
DA:548,5
DA:549,5
DA:550,16
DA:551,3
DA:552,97
DA:553,78
DA:554,17
DA:555,76
DA:556,2
DA:557,32
DA:558,4
DA:559,28
DA:560,17
DA:561,24
DA:562,36
DA:563,26
DA:564,5
DA:565,52
DA:566,2
DA:567,20
DA:571,6
DA:572,7
DA:573,7
DA:574,3
DA:575,3
DA:576,42
DA:577,17
DA:578,79
DA:579,25
DA:580,35
DA:581,32
DA:582,32
DA:583,38
DA:584,6
DA:585,21
DA:586,3
DA:587,4
DA:588,29
DA:589,15
DA:604,22
DA:605,60
DA:606,17
DA:607,28
DA:608,65
DA:609,2
DA:610,11
DA:614,12
DA:615,33
DA:616,16
DA:617,2
DA:618,39
DA:619,27
DA:620,2
DA:621,15
DA:629,15
DA:630,39
DA:631,39
DA:632,63
DA:633,11
DA:634,2
DA:635,2
DA:636,12
DA:639,6
DA:640,7
DA:641,12
DA:642,6
DA:643,3
DA:644,28
DA:645,11
DA:646,2
DA:647,34
DA:648,78
DA:649,32
DA:652,6
DA:653,9
DA:654,12
DA:655,6
DA:656,3
DA:657,30
DA:658,11
DA:659,2
DA:660,34
DA:661,21
DA:662,68
DA:663,12
DA:664,31
DA:668,1
DA:669,9
DA:670,12
DA:671,6
DA:672,3
DA:673,34
DA:674,21
DA:675,56
DA:676,12
DA:677,31
DA:685,18
DA:686,46
DA:687,47
DA:688,27
DA:689,22
DA:690,22
DA:691,37
DA:692,5
DA:693,19
DA:714,18
DA:715,14
DA:716,19
DA:717,19
DA:718,8
DA:719,2
DA:732,29
DA:733,66
DA:741,13
DA:742,87
DA:743,48
DA:744,32
DA:746,41
DA:747,9
DA:748,28
DA:749,87
DA:750,3
DA:751,5
DA:753,83
DA:755,33
DA:756,58
DA:757,99
DA:758,2
DA:760,15
DA:761,95
DA:762,4
DA:764,27
DA:765,27
DA:766,48
DA:767,11
DA:768,60
DA:770,19
DA:771,59
DA:773,4
DA:775,22
DA:776,26
DA:777,18
DA:778,18
DA:779,17
DA:781,45
DA:782,21
DA:783,35
DA:784,72
DA:785,45
DA:786,34
DA:787,66
DA:788,56
DA:789,63
DA:790,20
DA:791,8
DA:792,6
DA:793,62
DA:794,46
DA:795,21
DA:796,8
DA:797,6
DA:798,85
DA:799,97
DA:800,17
DA:801,4
DA:802,30
DA:803,13
DA:804,4
DA:805,49
DA:806,24
DA:807,41
DA:808,33
DA:809,2
DA:810,2
DA:812,15
DA:813,98
DA:814,4
DA:815,36
DA:816,47
DA:817,2
DA:819,29
DA:820,53
DA:821,52
DA:822,2
DA:824,77
DA:840,19
DA:841,32
DA:842,10
DA:843,2
DA:844,32
DA:845,10
DA:846,2
DA:847,31
DA:848,24
DA:849,2
DA:850,9
DA:859,1
DA:860,8
DA:861,10
DA:862,16
DA:863,6
DA:864,3
DA:865,37
DA:866,11
DA:867,2
DA:868,45
DA:869,23
DA:870,0
DA:871,2
DA:872,46
DA:873,21
DA:874,0
DA:875,2
DA:876,32
DA:877,22
DA:878,29
DA:879,36
DA:881,45
DA:882,70
DA:883,74
DA:884,39
DA:885,7
DA:886,38
DA:887,31
DA:888,3
DA:889,8
DA:890,4
DA:891,6
DA:892,14
DA:893,48
DA:894,22
DA:895,31
DA:896,1
DA:897,2
DA:899,46
DA:900,56
DA:901,95
DA:902,76
DA:903,48
DA:904,17
DA:905,42
DA:906,16
DA:907,24
DA:908,22
DA:909,78
DA:910,1
DA:911,4
DA:913,47
DA:914,29
DA:915,45
DA:916,40
DA:917,29
DA:918,31
DA:919,24
DA:920,6
DA:921,4
DA:922,4
DA:923,67
DA:924,32
DA:925,11
DA:926,4
DA:927,49
DA:928,33
DA:929,16
DA:930,54
DA:931,28
DA:932,58
DA:933,1
DA:934,4
DA:935,26
DA:936,70
DA:937,13
DA:938,71
DA:939,0
DA:941,0
DA:951,13
DA:952,77
DA:953,26
DA:954,25
DA:955,0
DA:956,2
DA:957,60
DA:958,31
DA:959,87
DA:960,2
DA:961,48
DA:964,23
DA:965,30
DA:966,40
DA:967,75
DA:968,15
DA:969,6
DA:970,60
DA:971,43
DA:972,36
DA:973,85
DA:974,1
DA:975,14
DA:976,38
DA:977,47
DA:979,2
DA:980,2
DA:983,22
DA:984,32
DA:985,54
DA:986,31
DA:987,23
DA:988,0
DA:989,4
DA:990,15
DA:991,11
DA:992,50
DA:994,19
DA:995,90
DA:996,10
DA:998,71
DA:999,41
DA:1000,78
DA:1001,32
DA:1002,85
DA:1003,3
DA:1004,4
DA:1007,56
DA:1008,19
DA:1009,31
DA:1010,31
DA:1011,30
DA:1013,4
DA:1017,30
DA:1018,37
DA:1019,38
DA:1020,29
DA:1021,34
DA:1022,1
DA:1023,12
DA:1024,24
DA:1028,18
DA:1029,36
DA:1030,35
DA:1031,13
DA:1032,4
DA:1033,37
DA:1034,34
DA:1035,32
DA:1036,28
DA:1037,45
DA:1038,9
DA:1039,17
DA:1040,2
DA:1041,2
DA:1043,102
DA:1044,25
DA:1045,32
DA:1046,2
DA:1049,26
DA:1050,30
DA:1051,49
DA:1052,61
DA:1053,13
DA:1054,4
DA:1055,53
DA:1056,24
DA:1057,41
DA:1058,33
DA:1059,2
DA:1060,2
DA:1062,47
DA:1063,54
DA:1064,2
DA:1065,30
DA:1066,30
DA:1067,2
DA:1068,48
DA:1069,15
DA:1070,127
DA:1071,4
DA:1072,23
DA:1073,65
DA:1074,2
DA:1075,36
DA:1076,47
DA:1077,2
DA:1079,29
DA:1080,53
DA:1081,52
DA:1082,2
DA:1084,80
DA:1096,6
DA:1097,30
DA:1098,13
DA:1099,3
DA:1100,31
DA:1101,45
DA:1102,48
DA:1103,8
DA:1104,2
DA:1105,37
DA:1106,35
DA:1112,20
DA:1113,0
DA:1114,0
DA:1115,0
DA:1116,0
DA:1118,0
LF:738
LH:723
end_of_record
TN:
SF:tests/update-latest.test.ts
FNF:246
FNH:245
DA:8,56
DA:9,39
DA:10,47
DA:11,33
DA:12,42
DA:13,39
DA:15,28
DA:17,409
DA:50,10
DA:51,42
DA:55,1
DA:56,7
DA:57,3
DA:58,3
DA:59,52
DA:60,9
DA:61,58
DA:62,45
DA:63,4
DA:64,29
DA:66,5
DA:67,50
DA:72,10
DA:73,24
DA:74,36
DA:75,68
DA:76,17
DA:78,2
DA:88,1
DA:89,10
DA:90,14
DA:91,3
DA:92,43
DA:93,38
DA:94,27
DA:95,84
DA:96,4
DA:97,28
DA:98,20
DA:99,0
DA:100,4
DA:101,8
DA:102,4
DA:103,28
DA:104,82
DA:105,17
DA:106,17
DA:107,94
DA:108,12
DA:109,16
DA:110,10
DA:111,10
DA:112,12
DA:113,29
DA:114,26
DA:115,1
DA:118,10
DA:119,12
DA:120,13
DA:121,18
DA:122,18
DA:123,19
DA:124,20
DA:125,20
DA:126,28
DA:127,24
DA:128,6
DA:129,2
DA:136,29
DA:137,38
DA:138,28
DA:139,35
DA:140,43
DA:141,36
DA:142,33
DA:143,33
DA:144,33
DA:145,35
DA:146,53
DA:147,4
DA:149,51
DA:150,55
DA:151,60
DA:152,64
DA:153,60
DA:154,75
DA:155,61
DA:156,58
DA:157,52
DA:158,86
DA:159,66
DA:160,4
DA:162,66
DA:163,68
DA:164,73
DA:165,4
DA:167,77
DA:168,32
DA:169,35
DA:170,55
DA:171,41
DA:172,4
DA:174,49
DA:175,70
DA:176,3
DA:177,3
DA:183,35
DA:184,68
DA:185,25
DA:186,17
DA:187,20
DA:188,20
DA:189,18
DA:190,18
DA:191,20
DA:192,22
DA:193,16
DA:194,17
DA:195,18
DA:196,23
DA:197,16
DA:198,17
DA:199,10
DA:200,6
DA:201,33
DA:202,50
DA:203,2
DA:204,4
DA:206,97
DA:207,75
DA:208,52
DA:209,48
DA:210,2
DA:211,4
DA:213,72
DA:214,65
DA:215,49
DA:216,2
DA:217,3
DA:218,3
DA:224,43
DA:225,54
DA:226,77
DA:227,77
DA:228,79
DA:229,79
DA:230,77
DA:231,77
DA:232,77
DA:233,75
DA:234,81
DA:235,63
DA:236,4
DA:238,80
DA:239,56
DA:240,54
DA:241,54
DA:242,3
DA:243,3
DA:249,31
DA:250,1996
DA:286,98
DA:287,48
DA:288,56
DA:290,41
DA:291,66
DA:292,6
DA:293,45
DA:294,44
DA:295,44
DA:297,64
DA:298,61
DA:299,45
DA:300,49
DA:301,74
DA:302,41
DA:303,68
DA:304,50
DA:305,40
DA:306,72
DA:307,4
DA:309,83
DA:310,48
DA:311,62
DA:312,34
DA:313,33
DA:314,63
DA:315,2
DA:316,4
DA:318,93
DA:319,107
DA:320,49
DA:321,4
DA:323,79
DA:324,54
DA:325,60
DA:326,60
DA:327,4
DA:329,76
DA:330,180
DA:331,71
DA:332,80
DA:333,3
DA:334,3
DA:336,27
DA:337,70
DA:338,62
DA:339,34
DA:340,31
DA:341,113
DA:342,50
DA:343,67
DA:344,50
DA:345,4
DA:346,2
DA:347,3
DA:348,3
DA:354,41
DA:355,40
DA:356,98
DA:357,19
DA:358,12
DA:359,5
DA:360,4
DA:361,58
DA:362,104
DA:363,16
DA:364,5
DA:365,4
DA:366,66
DA:367,90
DA:368,4
DA:369,67
DA:370,79
DA:371,4
DA:372,71
DA:373,72
DA:374,60
DA:375,55
DA:376,4
DA:377,70
DA:378,106
DA:379,19
DA:380,20
DA:381,5
DA:382,3
DA:383,3
DA:385,35
DA:386,60
DA:387,70
DA:388,74
DA:389,70
DA:390,56
DA:391,3
DA:392,3
DA:398,39
DA:399,18
DA:400,25
DA:401,36
DA:402,36
DA:403,39
DA:404,34
DA:405,31
DA:406,43
DA:407,4
DA:408,54
DA:410,84
DA:411,35
DA:412,93
DA:413,31
DA:414,34
DA:415,34
DA:416,34
DA:417,8
DA:418,5
DA:419,4
DA:421,57
DA:422,35
DA:423,98
DA:424,76
DA:425,5
DA:426,4
DA:428,48
DA:429,35
DA:430,91
DA:431,12
DA:432,8
DA:433,83
DA:434,5
DA:435,4
DA:437,81
DA:438,35
DA:439,81
DA:440,87
DA:441,60
DA:442,5
DA:443,4
DA:445,63
DA:446,35
DA:447,85
DA:448,50
DA:449,56
DA:450,5
DA:451,4
DA:453,45
DA:454,35
DA:455,75
DA:456,5
DA:457,3
DA:458,3
DA:464,55
DA:465,326
DA:470,196
DA:471,134
DA:473,55
DA:474,77
DA:475,80
DA:476,34
DA:477,69
DA:478,5
DA:479,4
DA:481,94
DA:482,15
DA:483,74
DA:484,15
DA:485,79
DA:486,34
DA:487,87
DA:488,76
DA:489,17
DA:490,16
DA:491,18
DA:492,8
DA:494,5
DA:495,4
DA:497,55
DA:498,15
DA:499,76
DA:500,15
DA:501,90
DA:503,5
DA:504,3
DA:505,3
DA:511,30
DA:512,92
DA:513,79
DA:514,21
DA:515,61
DA:516,60
DA:517,6
DA:518,56
DA:519,69
DA:520,4
DA:522,64
DA:523,56
DA:524,3
DA:525,3
DA:527,34
DA:528,49
DA:529,67
DA:530,99
DA:531,96
DA:532,3
DA:533,3
DA:535,73
DA:536,46
DA:537,54
DA:538,58
DA:539,53
DA:540,44
DA:541,4
DA:543,45
DA:544,55
DA:545,83
DA:546,4
DA:548,46
DA:549,56
DA:550,7
DA:551,17
DA:552,7
DA:553,22
DA:554,19
DA:555,3
DA:556,6
DA:557,4
DA:558,1
DA:559,52
DA:560,3
DA:561,3
DA:563,31
DA:564,50
DA:565,46
DA:566,45
DA:567,43
DA:568,39
DA:569,43
DA:570,3
DA:571,3
DA:573,33
DA:574,76
DA:575,88
DA:576,66
DA:577,51
DA:578,3
DA:579,3
DA:585,31
DA:586,82
DA:587,18
DA:588,38
DA:589,27
DA:590,74
DA:591,6
DA:592,75
DA:593,43
DA:594,35
DA:595,4
DA:597,51
DA:598,90
DA:599,79
DA:600,4
DA:602,68
DA:603,66
DA:604,84
DA:606,26
DA:607,68
DA:608,6
DA:609,90
DA:611,69
DA:612,85
DA:614,79
DA:615,86
DA:616,3
DA:617,3
DA:623,32
DA:624,292
DA:634,341
DA:644,200
DA:651,89
DA:652,78
DA:654,105
DA:655,35
DA:656,71
DA:657,75
DA:659,34
DA:660,34
DA:661,33
DA:662,47
DA:663,45
DA:664,43
DA:665,54
DA:668,54
DA:669,48
DA:670,46
DA:672,98
DA:673,40
DA:674,52
DA:675,51
DA:676,56
DA:677,56
DA:678,49
DA:679,5
DA:680,4
DA:682,78
DA:683,35
DA:684,71
DA:685,89
DA:686,34
DA:687,43
DA:688,46
DA:689,45
DA:690,5
DA:691,4
DA:693,87
DA:694,35
DA:695,71
DA:696,90
DA:697,48
DA:698,70
DA:699,57
DA:700,41
DA:701,5
DA:702,4
DA:704,83
DA:705,35
DA:706,87
DA:707,90
DA:708,41
DA:709,5
DA:710,4
DA:712,81
DA:713,15
DA:714,105
DA:715,15
DA:716,66
DA:717,22
DA:718,81
DA:719,2
DA:720,8
DA:721,34
DA:722,53
DA:724,5
DA:725,4
DA:727,81
DA:728,15
DA:729,98
DA:730,15
DA:731,28
DA:732,93
DA:733,29
DA:734,19
DA:735,19
DA:736,18
DA:737,25
DA:738,30
DA:739,18
DA:740,9
DA:741,51
DA:743,5
DA:744,3
DA:745,3
DA:751,38
DA:752,286
DA:758,259
DA:766,194
DA:773,89
DA:774,77
DA:776,117
DA:777,35
DA:778,34
DA:779,92
DA:781,34
DA:782,33
DA:783,43
DA:784,50
DA:786,102
DA:787,208
DA:799,8
DA:801,110
DA:802,54
DA:803,58
DA:804,57
DA:806,110
DA:807,54
DA:808,53
DA:809,5
DA:810,4
DA:812,53
DA:813,35
DA:814,34
DA:815,106
DA:816,34
DA:817,45
DA:818,5
DA:819,4
DA:821,94
DA:822,15
DA:823,7
DA:824,16
DA:825,108
DA:826,2
DA:827,15
DA:828,73
DA:829,92
DA:831,33
DA:832,34
DA:833,67
DA:835,102
DA:836,53
DA:837,46
DA:838,110
DA:839,52
DA:840,48
DA:842,5
DA:843,4
DA:845,70
DA:846,15
DA:847,7
DA:848,109
DA:856,93
DA:857,2
DA:858,15
DA:859,45
DA:860,80
DA:861,102
DA:862,49
DA:863,55
DA:864,49
DA:866,5
DA:867,4
DA:869,93
DA:870,15
DA:871,7
DA:872,155
DA:883,115
DA:884,2
DA:885,15
DA:886,45
DA:887,92
DA:888,34
DA:889,102
DA:890,55
DA:891,54
DA:893,5
DA:894,4
DA:896,75
DA:897,15
DA:898,7
DA:899,109
DA:900,93
DA:901,2
DA:902,15
DA:903,45
DA:904,80
DA:905,102
DA:906,54
DA:908,5
DA:909,4
DA:911,83
DA:912,15
DA:913,7
DA:914,137
DA:921,93
DA:922,2
DA:923,15
DA:924,45
DA:925,92
DA:926,34
DA:927,96
DA:928,110
DA:929,53
DA:931,5
DA:932,4
DA:934,100
DA:935,15
DA:936,7
DA:937,16
DA:938,93
DA:939,2
DA:940,15
DA:941,45
DA:942,95
DA:943,48
DA:944,70
DA:945,56
DA:947,5
DA:948,4
DA:950,86
DA:951,15
DA:952,7
DA:953,137
DA:960,95
DA:961,2
DA:962,15
DA:963,28
DA:964,92
DA:965,34
DA:966,46
DA:967,51
DA:969,5
DA:970,4
DA:972,70
DA:973,15
DA:974,76
DA:975,15
DA:976,28
DA:977,98
DA:978,12
DA:979,7
DA:981,5
DA:982,3
DA:983,3
DA:989,24
DA:990,70
DA:991,15
DA:992,82
DA:993,15
DA:994,49
DA:995,94
DA:996,27
DA:997,46
DA:998,45
DA:1000,5
DA:1001,4
DA:1003,70
DA:1004,55
DA:1005,28
DA:1006,74
DA:1007,26
DA:1008,5
DA:1009,4
DA:1011,68
DA:1012,15
DA:1013,82
DA:1014,15
DA:1015,69
DA:1016,63
DA:1017,27
DA:1018,47
DA:1020,5
DA:1021,3
DA:1022,3
DA:1032,71
DA:1033,114
DA:1034,15
DA:1035,102
DA:1036,15
DA:1037,66
DA:1038,77
DA:1040,84
DA:1041,72
DA:1042,68
DA:1043,86
DA:1044,66
DA:1045,34
DA:1047,5
DA:1048,4
DA:1050,99
DA:1051,15
DA:1052,82
DA:1053,15
DA:1054,49
DA:1055,77
DA:1057,91
DA:1058,52
DA:1059,53
DA:1060,34
DA:1062,5
DA:1063,4
DA:1065,110
DA:1066,15
DA:1067,93
DA:1068,15
DA:1069,73
DA:1070,77
DA:1072,46
DA:1073,43
DA:1074,66
DA:1075,48
DA:1076,85
DA:1078,5
DA:1079,4
DA:1081,120
DA:1082,15
DA:1083,82
DA:1084,15
DA:1085,49
DA:1086,78
DA:1088,65
DA:1089,48
DA:1090,48
DA:1091,52
DA:1093,5
DA:1094,4
DA:1096,116
DA:1097,15
DA:1098,7
DA:1099,78
DA:1100,96
DA:1101,93
DA:1102,2
DA:1103,15
DA:1104,45
DA:1105,94
DA:1107,69
DA:1108,101
DA:1109,66
DA:1110,41
DA:1111,45
DA:1113,5
DA:1114,4
DA:1116,94
DA:1117,15
DA:1118,7
DA:1119,16
DA:1120,113
DA:1121,95
DA:1122,2
DA:1123,15
DA:1124,28
DA:1125,94
DA:1127,84
DA:1128,45
DA:1130,5
DA:1131,4
DA:1133,93
DA:1134,55
DA:1135,28
DA:1136,59
DA:1137,45
DA:1139,27
DA:1140,61
DA:1141,45
DA:1142,5
DA:1143,3
DA:1144,2
LF:795
LH:794
end_of_record
