<?xml version="1.0" encoding="UTF-8"?>
<testsuites name="bun test" tests="207" assertions="156" failures="60" skipped="0" time="10.6894521">
  <testsuite name="tests/update-latest.test.ts" file="tests/update-latest.test.ts" tests="207" assertions="156" failures="60" skipped="0" time="0" hostname="ubuntu">
    <testsuite name="describeSource" file="tests/update-latest.test.ts" line="543" tests="1" assertions="0" failures="0" skipped="0" time="0" hostname="ubuntu">
      <testcase name="labels each variant" classname="describeSource" time="0.000108" file="tests/update-latest.test.ts" line="544" assertions="0" />
    </testsuite>
    <testsuite name="applyEdits" file="tests/update-latest.test.ts" line="527" tests="2" assertions="0" failures="0" skipped="0" time="0" hostname="ubuntu">
      <testcase name="no edits returns the original text" classname="applyEdits" time="0.00011" file="tests/update-latest.test.ts" line="538" assertions="0" />
      <testcase name="applies edits in descending order, preserving surrounding text" classname="applyEdits" time="0.000077" file="tests/update-latest.test.ts" line="528" assertions="0" />
    </testsuite>
    <testsuite name="readPackageName" file="tests/update-latest.test.ts" line="401" tests="1" assertions="0" failures="0" skipped="0" time="0.006" hostname="ubuntu">
      <testcase name="reads string name or undefined" classname="readPackageName" time="0.006174" file="tests/update-latest.test.ts" line="402" assertions="0" />
    </testsuite>
    <testsuite name="propKey" file="tests/update-latest.test.ts" line="352" tests="1" assertions="0" failures="0" skipped="0" time="0" hostname="ubuntu">
      <testcase name="reads the key of a string-named property" classname="propKey" time="0.000202" file="tests/update-latest.test.ts" line="353" assertions="0" />
    </testsuite>
    <testsuite name="findEntries" file="tests/update-latest.test.ts" line="265" tests="5" assertions="0" failures="0" skipped="0" time="0.001" hostname="ubuntu">
      <testcase name="value-span offsets land on the quoted version literal" classname="findEntries" time="0.001723" file="tests/update-latest.test.ts" line="325" assertions="0" />
      <testcase name="empty / non-object / array roots yield no entries" classname="findEntries" time="0.000207" file="tests/update-latest.test.ts" line="339" assertions="0" />
      <testcase name="sentinels collected only with resolveSentinels" classname="findEntries" time="0.000308" file="tests/update-latest.test.ts" line="345" assertions="0" />
      <testcase name="non-string/identifier/numeric keys do not throw and are ignored" classname="findEntries" time="0.000487" file="tests/update-latest.test.ts" line="334" assertions="0" />
      <testcase name="collects catalog, named catalogs (nested + top-level) and dep fields" classname="findEntries" time="0.000462" file="tests/update-latest.test.ts" line="302" assertions="0" />
    </testsuite>
    <testsuite name="readWorkspacePatterns" file="tests/update-latest.test.ts" line="370" tests="6" assertions="0" failures="0" skipped="0" time="0" hostname="ubuntu">
      <testcase name="object form without `packages` -&gt; []" classname="readWorkspacePatterns" time="0.000142" file="tests/update-latest.test.ts" line="382" assertions="0" />
      <testcase name="non-array/non-object workspaces -&gt; []" classname="readWorkspacePatterns" time="0.000065" file="tests/update-latest.test.ts" line="385" assertions="0" />
      <testcase name="absent workspaces / non-object root -&gt; []" classname="readWorkspacePatterns" time="0.000149" file="tests/update-latest.test.ts" line="388" assertions="0" />
      <testcase name="array form" classname="readWorkspacePatterns" time="0.000138" file="tests/update-latest.test.ts" line="371" assertions="0" />
      <testcase name="negation + multi-glob preserved verbatim" classname="readWorkspacePatterns" time="0.000064" file="tests/update-latest.test.ts" line="393" assertions="0" />
      <testcase name="object form reads `packages`" classname="readWorkspacePatterns" time="0.000052" file="tests/update-latest.test.ts" line="377" assertions="0" />
    </testsuite>
    <testsuite name="mapConcurrent" file="tests/update-latest.test.ts" line="589" tests="1" assertions="0" failures="0" skipped="0" time="0" hostname="ubuntu">
      <testcase name="maps with a concurrency limit, preserving order" classname="mapConcurrent" time="0.000444" file="tests/update-latest.test.ts" line="590" assertions="0" />
    </testsuite>
    <testsuite name="parseArgs" file="tests/update-latest.test.ts" line="152" tests="5" assertions="0" failures="0" skipped="0" time="0" hostname="ubuntu">
      <testcase name="boolean + value flags" classname="parseArgs" time="0.000188" file="tests/update-latest.test.ts" line="165" assertions="0" />
      <testcase name="defaults" classname="parseArgs" time="0.000037" file="tests/update-latest.test.ts" line="153" assertions="0" />
      <testcase name="`-r` is a recursive flag, not a positional file" classname="parseArgs" time="0.000021" file="tests/update-latest.test.ts" line="183" assertions="0" />
      <testcase name="unknown flag throws" classname="parseArgs" time="0.000059" file="tests/update-latest.test.ts" line="190" assertions="0" />
      <testcase name="positional file is absolute-resolved" classname="parseArgs" time="0.000027" file="tests/update-latest.test.ts" line="178" assertions="0" />
    </testsuite>
    <testsuite name="unifyPrefix" file="tests/update-latest.test.ts" line="579" tests="1" assertions="0" failures="0" skipped="0" time="0" hostname="ubuntu">
      <testcase name="most-permissive wins" classname="unifyPrefix" time="0.000062" file="tests/update-latest.test.ts" line="580" assertions="0" />
    </testsuite>
    <testsuite name="discoverMemberFiles" file="tests/update-latest.test.ts" line="414" tests="6" assertions="0" failures="0" skipped="0" time="0.032" hostname="ubuntu">
      <testcase name="drops the root package.json itself" classname="discoverMemberFiles" time="0.005081" file="tests/update-latest.test.ts" line="461" assertions="0" />
      <testcase name="no matches -&gt; []" classname="discoverMemberFiles" time="0.005812" file="tests/update-latest.test.ts" line="469" assertions="0" />
      <testcase name="expands `*` globs, skipping dirs without a package.json" classname="discoverMemberFiles" time="0.005932" file="tests/update-latest.test.ts" line="426" assertions="0" />
      <testcase name="handles literal member paths" classname="discoverMemberFiles" time="0.005887" file="tests/update-latest.test.ts" line="437" assertions="0" />
      <testcase name="honors `!` negation" classname="discoverMemberFiles" time="0.006129" file="tests/update-latest.test.ts" line="444" assertions="0" />
      <testcase name="dedupes overlapping globs and returns absolute paths" classname="discoverMemberFiles" time="0.006234" file="tests/update-latest.test.ts" line="453" assertions="0" />
    </testsuite>
    <testsuite name="host effects" file="tests/update-latest.test.ts" line="611" tests="29" assertions="52" failures="20" skipped="0" time="0" hostname="ubuntu">
      <testsuite name="run (--to-catalog)" file="tests/update-latest.test.ts" line="782" tests="10" assertions="20" failures="7" skipped="0" time="1.213" hostname="ubuntu">
        <testcase name="array-form: rewrites workspaces to a sorted catalog, unifies conflicts, rewrites members" classname="run (--to-catalog) &amp;gt; host effects" time="0.508227" file="tests/update-latest.test.ts" line="807" assertions="5">
          <failure type="AssertionError" />
        </testcase>
        <testcase name="does not duplicate a catalog entry that already exists" classname="run (--to-catalog) &amp;gt; host effects" time="0.019848" file="tests/update-latest.test.ts" line="939" assertions="2">
          <failure type="AssertionError" />
        </testcase>
        <testcase name="is idempotent: an already-catalogued workspace is a no-op" classname="run (--to-catalog) &amp;gt; host effects" time="0.003008" file="tests/update-latest.test.ts" line="979" assertions="3" />
        <testcase name="object-form with an empty catalog populates it" classname="run (--to-catalog) &amp;gt; host effects" time="0.041658" file="tests/update-latest.test.ts" line="925" assertions="1">
          <failure type="AssertionError" />
        </testcase>
        <testcase name="a fetch failure leaves that dependency untouched and uncatalogued" classname="run (--to-catalog) &amp;gt; host effects" time="0.490268" file="tests/update-latest.test.ts" line="851" assertions="1">
          <failure type="AssertionError" />
        </testcase>
        <testcase name="errors when the target is not a workspace" classname="run (--to-catalog) &amp;gt; host effects" time="0.001367" file="tests/update-latest.test.ts" line="1000" assertions="2" />
        <testcase name="runs a single install at the root after migrating when --install is set" classname="run (--to-catalog) &amp;gt; host effects" time="0.081245" file="tests/update-latest.test.ts" line="964" assertions="1">
          <failure type="AssertionError" />
        </testcase>
        <testcase name="object-form with an existing catalog merges only missing entries" classname="run (--to-catalog) &amp;gt; host effects" time="0.023321" file="tests/update-latest.test.ts" line="898" assertions="2">
          <failure type="AssertionError" />
        </testcase>
        <testcase name="--dry-run writes nothing" classname="run (--to-catalog) &amp;gt; host effects" time="0.027698" file="tests/update-latest.test.ts" line="842" assertions="2" />
        <testcase name="object-form without a catalog inserts one" classname="run (--to-catalog) &amp;gt; host effects" time="0.020198" file="tests/update-latest.test.ts" line="874" assertions="1">
          <failure type="AssertionError" />
        </testcase>
      </testsuite>
      <testsuite name="run (update)" file="tests/update-latest.test.ts" line="656" tests="6" assertions="8" failures="5" skipped="0" time="3.253" hostname="ubuntu">
        <testcase name="runs a single install at the root when changes are written" classname="run (update) &amp;gt; host effects" time="2.068115" file="tests/update-latest.test.ts" line="725" assertions="1">
          <failure type="AssertionError" />
        </testcase>
        <testcase name="a non-zero install exit is surfaced as installExitCode" classname="run (update) &amp;gt; host effects" time="0.768857" file="tests/update-latest.test.ts" line="735" assertions="1">
          <failure type="AssertionError" />
        </testcase>
        <testcase name="--only filters which packages are fetched and bumped" classname="run (update) &amp;gt; host effects" time="0.020707" file="tests/update-latest.test.ts" line="745" assertions="2">
          <failure type="AssertionError" />
        </testcase>
        <testcase name="recursively bumps members, dedupes fetches, skips internal/protocol/sentinel" classname="run (update) &amp;gt; host effects" time="0.190174" file="tests/update-latest.test.ts" line="687" assertions="1">
          <failure type="AssertionError" />
        </testcase>
        <testcase name="reports nothing to do when no bumpable entries exist" classname="run (update) &amp;gt; host effects" time="0.000732" file="tests/update-latest.test.ts" line="759" assertions="2" />
        <testcase name="--dry-run writes nothing and never spawns install" classname="run (update) &amp;gt; host effects" time="0.207377" file="tests/update-latest.test.ts" line="714" assertions="1">
          <failure type="AssertionError" />
        </testcase>
      </testsuite>
      <testsuite name="main" file="tests/update-latest.test.ts" line="1017" tests="3" assertions="6" failures="1" skipped="0" time="0.04" hostname="ubuntu">
        <testcase name="propagates a non-zero install exit code" classname="main &amp;gt; host effects" time="0.021069" file="tests/update-latest.test.ts" line="1039" assertions="1">
          <failure type="AssertionError" />
        </testcase>
        <testcase name="parses argv, runs (dry-run) and returns 0" classname="main &amp;gt; host effects" time="0.019365" file="tests/update-latest.test.ts" line="1018" assertions="3" />
        <testcase name="returns 1 when the target file is missing" classname="main &amp;gt; host effects" time="0.000475" file="tests/update-latest.test.ts" line="1031" assertions="2" />
      </testsuite>
      <testsuite name="terminal output" file="tests/update-latest.test.ts" line="1058" tests="7" assertions="16" failures="4" skipped="0" time="0.098" hostname="ubuntu">
        <testcase name="runToCatalog: an already-catalog tree logs &quot;Nothing to convert&quot;" classname="terminal output &amp;gt; host effects" time="0.00086" file="tests/update-latest.test.ts" line="1142" assertions="2" />
        <testcase name="runUpdate: a real write run logs &quot;Running bun install…&quot; and installs" classname="terminal output &amp;gt; host effects" time="0.027932" file="tests/update-latest.test.ts" line="1107" assertions="2">
          <failure type="AssertionError" />
        </testcase>
        <testcase name="runUpdate: a fetch failure prints ✗ to warn; others still bump to log" classname="terminal output &amp;gt; host effects" time="0.024974" file="tests/update-latest.test.ts" line="1092" assertions="1">
          <failure type="AssertionError" />
        </testcase>
        <testcase name="runUpdate: empty plan prints &quot;No bumpable entries&quot; and fetches nothing" classname="terminal output &amp;gt; host effects" time="0.000588" file="tests/update-latest.test.ts" line="1077" assertions="5" />
        <testcase name="main: a missing file prints &quot;Not found:&quot; to error and returns 1" classname="terminal output &amp;gt; host effects" time="0.00032" file="tests/update-latest.test.ts" line="1158" assertions="3" />
        <testcase name="runToCatalog: logs &quot;+ catalog ·&quot; rows + summary, &quot;!&quot; conflicts to warn" classname="terminal output &amp;gt; host effects" time="0.022265" file="tests/update-latest.test.ts" line="1122" assertions="1">
          <failure type="AssertionError" />
        </testcase>
        <testcase name="runUpdate: header, per-bump line, and summary go to log; nothing to warn/error" classname="terminal output &amp;gt; host effects" time="0.02527" file="tests/update-latest.test.ts" line="1059" assertions="2">
          <failure type="AssertionError" />
        </testcase>
      </testsuite>
      <testsuite name="fetchLatest" file="tests/update-latest.test.ts" line="624" tests="3" assertions="2" failures="3" skipped="0" time="0.656" hostname="ubuntu">
        <testcase name="200 returns version and encodes scoped names with %2F" classname="fetchLatest &amp;gt; host effects" time="0.18313" file="tests/update-latest.test.ts" line="625" assertions="0">
          <failure type="AssertionError" />
        </testcase>
        <testcase name="404 throws with status" classname="fetchLatest &amp;gt; host effects" time="0.221655" file="tests/update-latest.test.ts" line="634" assertions="1">
          <failure type="AssertionError" />
        </testcase>
        <testcase name="rejects bodies without a string version (dynamic per-call queue)" classname="fetchLatest &amp;gt; host effects" time="0.252749" file="tests/update-latest.test.ts" line="639" assertions="1">
          <failure type="AssertionError" />
        </testcase>
      </testsuite>
    </testsuite>
    <testsuite name="splitPrefix / bumpRange" file="tests/update-latest.test.ts" line="240" tests="2" assertions="0" failures="0" skipped="0" time="0" hostname="ubuntu">
      <testcase name="bumpRange preserves prefix; equal range is a no-op" classname="splitPrefix / bumpRange" time="0.000104" file="tests/update-latest.test.ts" line="254" assertions="0" />
      <testcase name="splits every prefix form" classname="splitPrefix / bumpRange" time="0.000095" file="tests/update-latest.test.ts" line="241" assertions="0" />
    </testsuite>
    <testsuite name="detectIndentUnit / formatJsonArray / formatJsonObject" file="tests/update-latest.test.ts" line="551" tests="3" assertions="0" failures="0" skipped="0" time="0" hostname="ubuntu">
      <testcase name="detectIndentUnit" classname="detectIndentUnit / formatJsonArray / formatJsonObject" time="0.000043" file="tests/update-latest.test.ts" line="552" assertions="0" />
      <testcase name="formatJsonArray" classname="detectIndentUnit / formatJsonArray / formatJsonObject" time="0.000028" file="tests/update-latest.test.ts" line="559" assertions="0" />
      <testcase name="formatJsonObject" classname="detectIndentUnit / formatJsonArray / formatJsonObject" time="0.000022" file="tests/update-latest.test.ts" line="564" assertions="0" />
    </testsuite>
    <testsuite name="isBumpableRange" file="tests/update-latest.test.ts" line="199" tests="3" assertions="0" failures="0" skipped="0" time="0" hostname="ubuntu">
      <testcase name="plain semver (incl. partial-x) is bumpable" classname="isBumpableRange" time="0.000056" file="tests/update-latest.test.ts" line="229" assertions="0" />
      <testcase name="protocol specifiers are never bumpable" classname="isBumpableRange" time="0.000033" file="tests/update-latest.test.ts" line="200" assertions="0" />
      <testcase name="sentinels are skipped by default, bumpable with --resolve-sentinels" classname="isBumpableRange" time="0.000027" file="tests/update-latest.test.ts" line="222" assertions="0" />
    </testsuite>
    <testsuite name="buildWorkFiles / collectMemberNames" file="tests/update-latest.test.ts" line="480" tests="3" assertions="0" failures="0" skipped="0" time="0.003" hostname="ubuntu">
      <testcase name="no workspaces -&gt; root only" classname="buildWorkFiles / collectMemberNames" time="0.001063" file="tests/update-latest.test.ts" line="513" assertions="0" />
      <testcase name="non-recursive -&gt; root only" classname="buildWorkFiles / collectMemberNames" time="0.001157" file="tests/update-latest.test.ts" line="489" assertions="0" />
      <testcase name="recursive array-form -&gt; root + members, each with its own entries" classname="buildWorkFiles / collectMemberNames" time="0.001794" file="tests/update-latest.test.ts" line="497" assertions="0" />
    </testsuite>
    <testsuite name="describeSource" file="tests/update-latest.test.ts" line="543" tests="1" assertions="0" failures="0" skipped="0" time="0" hostname="ubuntu">
      <testcase name="labels each variant" classname="describeSource" time="0.000057" file="tests/update-latest.test.ts" line="544" assertions="0" />
    </testsuite>
    <testsuite name="applyEdits" file="tests/update-latest.test.ts" line="527" tests="2" assertions="0" failures="0" skipped="0" time="0" hostname="ubuntu">
      <testcase name="no edits returns the original text" classname="applyEdits" time="0.000012" file="tests/update-latest.test.ts" line="538" assertions="0" />
      <testcase name="applies edits in descending order, preserving surrounding text" classname="applyEdits" time="0.000032" file="tests/update-latest.test.ts" line="528" assertions="0" />
    </testsuite>
    <testsuite name="readPackageName" file="tests/update-latest.test.ts" line="401" tests="1" assertions="0" failures="0" skipped="0" time="0" hostname="ubuntu">
      <testcase name="reads string name or undefined" classname="readPackageName" time="0.000195" file="tests/update-latest.test.ts" line="402" assertions="0" />
    </testsuite>
    <testsuite name="propKey" file="tests/update-latest.test.ts" line="352" tests="1" assertions="0" failures="0" skipped="0" time="0" hostname="ubuntu">
      <testcase name="reads the key of a string-named property" classname="propKey" time="0.000039" file="tests/update-latest.test.ts" line="353" assertions="0" />
    </testsuite>
    <testsuite name="findEntries" file="tests/update-latest.test.ts" line="265" tests="5" assertions="0" failures="0" skipped="0" time="0" hostname="ubuntu">
      <testcase name="value-span offsets land on the quoted version literal" classname="findEntries" time="0.000155" file="tests/update-latest.test.ts" line="325" assertions="0" />
      <testcase name="empty / non-object / array roots yield no entries" classname="findEntries" time="0.000066" file="tests/update-latest.test.ts" line="339" assertions="0" />
      <testcase name="sentinels collected only with resolveSentinels" classname="findEntries" time="0.000065" file="tests/update-latest.test.ts" line="345" assertions="0" />
      <testcase name="non-string/identifier/numeric keys do not throw and are ignored" classname="findEntries" time="0.000124" file="tests/update-latest.test.ts" line="334" assertions="0" />
      <testcase name="collects catalog, named catalogs (nested + top-level) and dep fields" classname="findEntries" time="0.000178" file="tests/update-latest.test.ts" line="302" assertions="0" />
    </testsuite>
    <testsuite name="readWorkspacePatterns" file="tests/update-latest.test.ts" line="370" tests="6" assertions="0" failures="0" skipped="0" time="0" hostname="ubuntu">
      <testcase name="object form without `packages` -&gt; []" classname="readWorkspacePatterns" time="0.000026" file="tests/update-latest.test.ts" line="382" assertions="0" />
      <testcase name="non-array/non-object workspaces -&gt; []" classname="readWorkspacePatterns" time="0.000026" file="tests/update-latest.test.ts" line="385" assertions="0" />
      <testcase name="absent workspaces / non-object root -&gt; []" classname="readWorkspacePatterns" time="0.000057" file="tests/update-latest.test.ts" line="388" assertions="0" />
      <testcase name="array form" classname="readWorkspacePatterns" time="0.000037" file="tests/update-latest.test.ts" line="371" assertions="0" />
      <testcase name="negation + multi-glob preserved verbatim" classname="readWorkspacePatterns" time="0.000034" file="tests/update-latest.test.ts" line="393" assertions="0" />
      <testcase name="object form reads `packages`" classname="readWorkspacePatterns" time="0.000028" file="tests/update-latest.test.ts" line="377" assertions="0" />
    </testsuite>
    <testsuite name="mapConcurrent" file="tests/update-latest.test.ts" line="589" tests="1" assertions="0" failures="0" skipped="0" time="0" hostname="ubuntu">
      <testcase name="maps with a concurrency limit, preserving order" classname="mapConcurrent" time="0.000053" file="tests/update-latest.test.ts" line="590" assertions="0" />
    </testsuite>
    <testsuite name="parseArgs" file="tests/update-latest.test.ts" line="152" tests="5" assertions="0" failures="0" skipped="0" time="0" hostname="ubuntu">
      <testcase name="boolean + value flags" classname="parseArgs" time="0.000031" file="tests/update-latest.test.ts" line="165" assertions="0" />
      <testcase name="defaults" classname="parseArgs" time="0.000009" file="tests/update-latest.test.ts" line="153" assertions="0" />
      <testcase name="`-r` is a recursive flag, not a positional file" classname="parseArgs" time="0.000006" file="tests/update-latest.test.ts" line="183" assertions="0" />
      <testcase name="unknown flag throws" classname="parseArgs" time="0.000019" file="tests/update-latest.test.ts" line="190" assertions="0" />
      <testcase name="positional file is absolute-resolved" classname="parseArgs" time="0.000013" file="tests/update-latest.test.ts" line="178" assertions="0" />
    </testsuite>
    <testsuite name="unifyPrefix" file="tests/update-latest.test.ts" line="579" tests="1" assertions="0" failures="0" skipped="0" time="0" hostname="ubuntu">
      <testcase name="most-permissive wins" classname="unifyPrefix" time="0.000011" file="tests/update-latest.test.ts" line="580" assertions="0" />
    </testsuite>
    <testsuite name="discoverMemberFiles" file="tests/update-latest.test.ts" line="414" tests="6" assertions="0" failures="0" skipped="0" time="0.006" hostname="ubuntu">
      <testcase name="expands `*` globs, skipping dirs without a package.json" classname="discoverMemberFiles" time="0.001103" file="tests/update-latest.test.ts" line="426" assertions="0" />
      <testcase name="no matches -&gt; []" classname="discoverMemberFiles" time="0.001175" file="tests/update-latest.test.ts" line="469" assertions="0" />
      <testcase name="handles literal member paths" classname="discoverMemberFiles" time="0.001126" file="tests/update-latest.test.ts" line="437" assertions="0" />
      <testcase name="honors `!` negation" classname="discoverMemberFiles" time="0.00117" file="tests/update-latest.test.ts" line="444" assertions="0" />
      <testcase name="drops the root package.json itself" classname="discoverMemberFiles" time="0.001173" file="tests/update-latest.test.ts" line="461" assertions="0" />
      <testcase name="dedupes overlapping globs and returns absolute paths" classname="discoverMemberFiles" time="0.001218" file="tests/update-latest.test.ts" line="453" assertions="0" />
    </testsuite>
    <testsuite name="host effects" file="tests/update-latest.test.ts" line="611" tests="29" assertions="52" failures="20" skipped="0" time="0" hostname="ubuntu">
      <testsuite name="run (--to-catalog)" file="tests/update-latest.test.ts" line="782" tests="10" assertions="20" failures="7" skipped="0" time="0.213" hostname="ubuntu">
        <testcase name="array-form: rewrites workspaces to a sorted catalog, unifies conflicts, rewrites members" classname="run (--to-catalog) &amp;gt; host effects" time="0.039198" file="tests/update-latest.test.ts" line="807" assertions="5">
          <failure type="AssertionError" />
        </testcase>
        <testcase name="does not duplicate a catalog entry that already exists" classname="run (--to-catalog) &amp;gt; host effects" time="0.018608" file="tests/update-latest.test.ts" line="939" assertions="2">
          <failure type="AssertionError" />
        </testcase>
        <testcase name="is idempotent: an already-catalogued workspace is a no-op" classname="run (--to-catalog) &amp;gt; host effects" time="0.000854" file="tests/update-latest.test.ts" line="979" assertions="3" />
        <testcase name="object-form with an empty catalog populates it" classname="run (--to-catalog) &amp;gt; host effects" time="0.018155" file="tests/update-latest.test.ts" line="925" assertions="1">
          <failure type="AssertionError" />
        </testcase>
        <testcase name="a fetch failure leaves that dependency untouched and uncatalogued" classname="run (--to-catalog) &amp;gt; host effects" time="0.031487" file="tests/update-latest.test.ts" line="851" assertions="1">
          <failure type="AssertionError" />
        </testcase>
        <testcase name="errors when the target is not a workspace" classname="run (--to-catalog) &amp;gt; host effects" time="0.000433" file="tests/update-latest.test.ts" line="1000" assertions="2" />
        <testcase name="runs a single install at the root after migrating when --install is set" classname="run (--to-catalog) &amp;gt; host effects" time="0.039136" file="tests/update-latest.test.ts" line="964" assertions="1">
          <failure type="AssertionError" />
        </testcase>
        <testcase name="object-form with an existing catalog merges only missing entries" classname="run (--to-catalog) &amp;gt; host effects" time="0.021131" file="tests/update-latest.test.ts" line="898" assertions="2">
          <failure type="AssertionError" />
        </testcase>
        <testcase name="--dry-run writes nothing" classname="run (--to-catalog) &amp;gt; host effects" time="0.028344" file="tests/update-latest.test.ts" line="842" assertions="2" />
        <testcase name="object-form without a catalog inserts one" classname="run (--to-catalog) &amp;gt; host effects" time="0.019316" file="tests/update-latest.test.ts" line="874" assertions="1">
          <failure type="AssertionError" />
        </testcase>
      </testsuite>
      <testsuite name="run (update)" file="tests/update-latest.test.ts" line="656" tests="6" assertions="8" failures="5" skipped="0" time="1.63" hostname="ubuntu">
        <testcase name="runs a single install at the root when changes are written" classname="run (update) &amp;gt; host effects" time="0.629516" file="tests/update-latest.test.ts" line="725" assertions="1">
          <failure type="AssertionError" />
        </testcase>
        <testcase name="a non-zero install exit is surfaced as installExitCode" classname="run (update) &amp;gt; host effects" time="0.673851" file="tests/update-latest.test.ts" line="735" assertions="1">
          <failure type="AssertionError" />
        </testcase>
        <testcase name="--only filters which packages are fetched and bumped" classname="run (update) &amp;gt; host effects" time="0.020864" file="tests/update-latest.test.ts" line="745" assertions="2">
          <failure type="AssertionError" />
        </testcase>
        <testcase name="recursively bumps members, dedupes fetches, skips internal/protocol/sentinel" classname="run (update) &amp;gt; host effects" time="0.10504" file="tests/update-latest.test.ts" line="687" assertions="1">
          <failure type="AssertionError" />
        </testcase>
        <testcase name="reports nothing to do when no bumpable entries exist" classname="run (update) &amp;gt; host effects" time="0.005728" file="tests/update-latest.test.ts" line="759" assertions="2" />
        <testcase name="--dry-run writes nothing and never spawns install" classname="run (update) &amp;gt; host effects" time="0.198664" file="tests/update-latest.test.ts" line="714" assertions="1">
          <failure type="AssertionError" />
        </testcase>
      </testsuite>
      <testsuite name="main" file="tests/update-latest.test.ts" line="1017" tests="3" assertions="6" failures="1" skipped="0" time="0.07" hostname="ubuntu">
        <testcase name="propagates a non-zero install exit code" classname="main &amp;gt; host effects" time="0.048722" file="tests/update-latest.test.ts" line="1039" assertions="1">
          <failure type="AssertionError" />
        </testcase>
        <testcase name="parses argv, runs (dry-run) and returns 0" classname="main &amp;gt; host effects" time="0.022676" file="tests/update-latest.test.ts" line="1018" assertions="3" />
        <testcase name="returns 1 when the target file is missing" classname="main &amp;gt; host effects" time="0.000568" file="tests/update-latest.test.ts" line="1031" assertions="2" />
      </testsuite>
      <testsuite name="terminal output" file="tests/update-latest.test.ts" line="1058" tests="7" assertions="16" failures="4" skipped="0" time="0.101" hostname="ubuntu">
        <testcase name="runToCatalog: an already-catalog tree logs &quot;Nothing to convert&quot;" classname="terminal output &amp;gt; host effects" time="0.001226" file="tests/update-latest.test.ts" line="1142" assertions="2" />
        <testcase name="runUpdate: a real write run logs &quot;Running bun install…&quot; and installs" classname="terminal output &amp;gt; host effects" time="0.027178" file="tests/update-latest.test.ts" line="1107" assertions="2">
          <failure type="AssertionError" />
        </testcase>
        <testcase name="runUpdate: a fetch failure prints ✗ to warn; others still bump to log" classname="terminal output &amp;gt; host effects" time="0.027121" file="tests/update-latest.test.ts" line="1092" assertions="1">
          <failure type="AssertionError" />
        </testcase>
        <testcase name="runUpdate: empty plan prints &quot;No bumpable entries&quot; and fetches nothing" classname="terminal output &amp;gt; host effects" time="0.000446" file="tests/update-latest.test.ts" line="1077" assertions="5" />
        <testcase name="main: a missing file prints &quot;Not found:&quot; to error and returns 1" classname="terminal output &amp;gt; host effects" time="0.000263" file="tests/update-latest.test.ts" line="1158" assertions="3" />
        <testcase name="runToCatalog: logs &quot;+ catalog ·&quot; rows + summary, &quot;!&quot; conflicts to warn" classname="terminal output &amp;gt; host effects" time="0.018401" file="tests/update-latest.test.ts" line="1122" assertions="1">
          <failure type="AssertionError" />
        </testcase>
        <testcase name="runUpdate: header, per-bump line, and summary go to log; nothing to warn/error" classname="terminal output &amp;gt; host effects" time="0.028062" file="tests/update-latest.test.ts" line="1059" assertions="2">
          <failure type="AssertionError" />
        </testcase>
      </testsuite>
      <testsuite name="fetchLatest" file="tests/update-latest.test.ts" line="624" tests="3" assertions="2" failures="3" skipped="0" time="0.222" hostname="ubuntu">
        <testcase name="200 returns version and encodes scoped names with %2F" classname="fetchLatest &amp;gt; host effects" time="0.188874" file="tests/update-latest.test.ts" line="625" assertions="0">
          <failure type="AssertionError" />
        </testcase>
        <testcase name="404 throws with status" classname="fetchLatest &amp;gt; host effects" time="0.0171" file="tests/update-latest.test.ts" line="634" assertions="1">
          <failure type="AssertionError" />
        </testcase>
        <testcase name="rejects bodies without a string version (dynamic per-call queue)" classname="fetchLatest &amp;gt; host effects" time="0.017532" file="tests/update-latest.test.ts" line="639" assertions="1">
          <failure type="AssertionError" />
        </testcase>
      </testsuite>
    </testsuite>
    <testsuite name="splitPrefix / bumpRange" file="tests/update-latest.test.ts" line="240" tests="2" assertions="0" failures="0" skipped="0" time="0" hostname="ubuntu">
      <testcase name="bumpRange preserves prefix; equal range is a no-op" classname="splitPrefix / bumpRange" time="0.000036" file="tests/update-latest.test.ts" line="254" assertions="0" />
      <testcase name="splits every prefix form" classname="splitPrefix / bumpRange" time="0.000054" file="tests/update-latest.test.ts" line="241" assertions="0" />
    </testsuite>
    <testsuite name="detectIndentUnit / formatJsonArray / formatJsonObject" file="tests/update-latest.test.ts" line="551" tests="3" assertions="0" failures="0" skipped="0" time="0" hostname="ubuntu">
      <testcase name="detectIndentUnit" classname="detectIndentUnit / formatJsonArray / formatJsonObject" time="0.000037" file="tests/update-latest.test.ts" line="552" assertions="0" />
      <testcase name="formatJsonArray" classname="detectIndentUnit / formatJsonArray / formatJsonObject" time="0.000014" file="tests/update-latest.test.ts" line="559" assertions="0" />
      <testcase name="formatJsonObject" classname="detectIndentUnit / formatJsonArray / formatJsonObject" time="0.000008" file="tests/update-latest.test.ts" line="564" assertions="0" />
    </testsuite>
    <testsuite name="isBumpableRange" file="tests/update-latest.test.ts" line="199" tests="3" assertions="0" failures="0" skipped="0" time="0" hostname="ubuntu">
      <testcase name="plain semver (incl. partial-x) is bumpable" classname="isBumpableRange" time="0.000009" file="tests/update-latest.test.ts" line="229" assertions="0" />
      <testcase name="protocol specifiers are never bumpable" classname="isBumpableRange" time="0.000008" file="tests/update-latest.test.ts" line="200" assertions="0" />
      <testcase name="sentinels are skipped by default, bumpable with --resolve-sentinels" classname="isBumpableRange" time="0.000046" file="tests/update-latest.test.ts" line="222" assertions="0" />
    </testsuite>
    <testsuite name="buildWorkFiles / collectMemberNames" file="tests/update-latest.test.ts" line="480" tests="3" assertions="0" failures="0" skipped="0" time="0.001" hostname="ubuntu">
      <testcase name="no workspaces -&gt; root only" classname="buildWorkFiles / collectMemberNames" time="0.000633" file="tests/update-latest.test.ts" line="513" assertions="0" />
      <testcase name="non-recursive -&gt; root only" classname="buildWorkFiles / collectMemberNames" time="0.000763" file="tests/update-latest.test.ts" line="489" assertions="0" />
      <testcase name="recursive array-form -&gt; root + members, each with its own entries" classname="buildWorkFiles / collectMemberNames" time="0.001236" file="tests/update-latest.test.ts" line="497" assertions="0" />
    </testsuite>
    <testsuite name="describeSource" file="tests/update-latest.test.ts" line="543" tests="1" assertions="0" failures="0" skipped="0" time="0" hostname="ubuntu">
      <testcase name="labels each variant" classname="describeSource" time="0.000031" file="tests/update-latest.test.ts" line="544" assertions="0" />
    </testsuite>
    <testsuite name="applyEdits" file="tests/update-latest.test.ts" line="527" tests="2" assertions="0" failures="0" skipped="0" time="0" hostname="ubuntu">
      <testcase name="no edits returns the original text" classname="applyEdits" time="0.000011" file="tests/update-latest.test.ts" line="538" assertions="0" />
      <testcase name="applies edits in descending order, preserving surrounding text" classname="applyEdits" time="0.000023" file="tests/update-latest.test.ts" line="528" assertions="0" />
    </testsuite>
    <testsuite name="readPackageName" file="tests/update-latest.test.ts" line="401" tests="1" assertions="0" failures="0" skipped="0" time="0" hostname="ubuntu">
      <testcase name="reads string name or undefined" classname="readPackageName" time="0.000209" file="tests/update-latest.test.ts" line="402" assertions="0" />
    </testsuite>
    <testsuite name="propKey" file="tests/update-latest.test.ts" line="352" tests="1" assertions="0" failures="0" skipped="0" time="0" hostname="ubuntu">
      <testcase name="reads the key of a string-named property" classname="propKey" time="0.000065" file="tests/update-latest.test.ts" line="353" assertions="0" />
    </testsuite>
    <testsuite name="findEntries" file="tests/update-latest.test.ts" line="265" tests="5" assertions="0" failures="0" skipped="0" time="0" hostname="ubuntu">
      <testcase name="value-span offsets land on the quoted version literal" classname="findEntries" time="0.000246" file="tests/update-latest.test.ts" line="325" assertions="0" />
      <testcase name="empty / non-object / array roots yield no entries" classname="findEntries" time="0.000117" file="tests/update-latest.test.ts" line="339" assertions="0" />
      <testcase name="sentinels collected only with resolveSentinels" classname="findEntries" time="0.000117" file="tests/update-latest.test.ts" line="345" assertions="0" />
      <testcase name="non-string/identifier/numeric keys do not throw and are ignored" classname="findEntries" time="0.00011" file="tests/update-latest.test.ts" line="334" assertions="0" />
      <testcase name="collects catalog, named catalogs (nested + top-level) and dep fields" classname="findEntries" time="0.000263" file="tests/update-latest.test.ts" line="302" assertions="0" />
    </testsuite>
    <testsuite name="readWorkspacePatterns" file="tests/update-latest.test.ts" line="370" tests="6" assertions="0" failures="0" skipped="0" time="0" hostname="ubuntu">
      <testcase name="object form without `packages` -&gt; []" classname="readWorkspacePatterns" time="0.000058" file="tests/update-latest.test.ts" line="382" assertions="0" />
      <testcase name="non-array/non-object workspaces -&gt; []" classname="readWorkspacePatterns" time="0.000046" file="tests/update-latest.test.ts" line="385" assertions="0" />
      <testcase name="absent workspaces / non-object root -&gt; []" classname="readWorkspacePatterns" time="0.000076" file="tests/update-latest.test.ts" line="388" assertions="0" />
      <testcase name="array form" classname="readWorkspacePatterns" time="0.000058" file="tests/update-latest.test.ts" line="371" assertions="0" />
      <testcase name="negation + multi-glob preserved verbatim" classname="readWorkspacePatterns" time="0.000043" file="tests/update-latest.test.ts" line="393" assertions="0" />
      <testcase name="object form reads `packages`" classname="readWorkspacePatterns" time="0.000057" file="tests/update-latest.test.ts" line="377" assertions="0" />
    </testsuite>
    <testsuite name="mapConcurrent" file="tests/update-latest.test.ts" line="589" tests="1" assertions="0" failures="0" skipped="0" time="0" hostname="ubuntu">
      <testcase name="maps with a concurrency limit, preserving order" classname="mapConcurrent" time="0.000076" file="tests/update-latest.test.ts" line="590" assertions="0" />
    </testsuite>
    <testsuite name="parseArgs" file="tests/update-latest.test.ts" line="152" tests="5" assertions="0" failures="0" skipped="0" time="0" hostname="ubuntu">
      <testcase name="boolean + value flags" classname="parseArgs" time="0.000056" file="tests/update-latest.test.ts" line="165" assertions="0" />
      <testcase name="defaults" classname="parseArgs" time="0.000022" file="tests/update-latest.test.ts" line="153" assertions="0" />
      <testcase name="`-r` is a recursive flag, not a positional file" classname="parseArgs" time="0.000011" file="tests/update-latest.test.ts" line="183" assertions="0" />
      <testcase name="unknown flag throws" classname="parseArgs" time="0.000026" file="tests/update-latest.test.ts" line="190" assertions="0" />
      <testcase name="positional file is absolute-resolved" classname="parseArgs" time="0.000015" file="tests/update-latest.test.ts" line="178" assertions="0" />
    </testsuite>
    <testsuite name="unifyPrefix" file="tests/update-latest.test.ts" line="579" tests="1" assertions="0" failures="0" skipped="0" time="0" hostname="ubuntu">
      <testcase name="most-permissive wins" classname="unifyPrefix" time="0.000018" file="tests/update-latest.test.ts" line="580" assertions="0" />
    </testsuite>
    <testsuite name="discoverMemberFiles" file="tests/update-latest.test.ts" line="414" tests="6" assertions="0" failures="0" skipped="0" time="0.15" hostname="ubuntu">
      <testcase name="honors `!` negation" classname="discoverMemberFiles" time="0.013165" file="tests/update-latest.test.ts" line="444" assertions="0" />
      <testcase name="no matches -&gt; []" classname="discoverMemberFiles" time="0.013517" file="tests/update-latest.test.ts" line="469" assertions="0" />
      <testcase name="expands `*` globs, skipping dirs without a package.json" classname="discoverMemberFiles" time="0.030244" file="tests/update-latest.test.ts" line="426" assertions="0" />
      <testcase name="handles literal member paths" classname="discoverMemberFiles" time="0.030308" file="tests/update-latest.test.ts" line="437" assertions="0" />
      <testcase name="drops the root package.json itself" classname="discoverMemberFiles" time="0.030316" file="tests/update-latest.test.ts" line="461" assertions="0" />
      <testcase name="dedupes overlapping globs and returns absolute paths" classname="discoverMemberFiles" time="0.034567" file="tests/update-latest.test.ts" line="453" assertions="0" />
    </testsuite>
    <testsuite name="host effects" file="tests/update-latest.test.ts" line="611" tests="29" assertions="52" failures="20" skipped="0" time="0" hostname="ubuntu">
      <testsuite name="run (--to-catalog)" file="tests/update-latest.test.ts" line="782" tests="10" assertions="20" failures="7" skipped="0" time="0.213" hostname="ubuntu">
        <testcase name="array-form: rewrites workspaces to a sorted catalog, unifies conflicts, rewrites members" classname="run (--to-catalog) &amp;gt; host effects" time="0.029602" file="tests/update-latest.test.ts" line="807" assertions="5">
          <failure type="AssertionError" />
        </testcase>
        <testcase name="does not duplicate a catalog entry that already exists" classname="run (--to-catalog) &amp;gt; host effects" time="0.018161" file="tests/update-latest.test.ts" line="939" assertions="2">
          <failure type="AssertionError" />
        </testcase>
        <testcase name="is idempotent: an already-catalogued workspace is a no-op" classname="run (--to-catalog) &amp;gt; host effects" time="0.00122" file="tests/update-latest.test.ts" line="979" assertions="3" />
        <testcase name="object-form with an empty catalog populates it" classname="run (--to-catalog) &amp;gt; host effects" time="0.016649" file="tests/update-latest.test.ts" line="925" assertions="1">
          <failure type="AssertionError" />
        </testcase>
        <testcase name="a fetch failure leaves that dependency untouched and uncatalogued" classname="run (--to-catalog) &amp;gt; host effects" time="0.022823" file="tests/update-latest.test.ts" line="851" assertions="1">
          <failure type="AssertionError" />
        </testcase>
        <testcase name="errors when the target is not a workspace" classname="run (--to-catalog) &amp;gt; host effects" time="0.001607" file="tests/update-latest.test.ts" line="1000" assertions="2" />
        <testcase name="runs a single install at the root after migrating when --install is set" classname="run (--to-catalog) &amp;gt; host effects" time="0.045806" file="tests/update-latest.test.ts" line="964" assertions="1">
          <failure type="AssertionError" />
        </testcase>
        <testcase name="object-form with an existing catalog merges only missing entries" classname="run (--to-catalog) &amp;gt; host effects" time="0.020203" file="tests/update-latest.test.ts" line="898" assertions="2">
          <failure type="AssertionError" />
        </testcase>
        <testcase name="--dry-run writes nothing" classname="run (--to-catalog) &amp;gt; host effects" time="0.029588" file="tests/update-latest.test.ts" line="842" assertions="2" />
        <testcase name="object-form without a catalog inserts one" classname="run (--to-catalog) &amp;gt; host effects" time="0.032365" file="tests/update-latest.test.ts" line="874" assertions="1">
          <failure type="AssertionError" />
        </testcase>
      </testsuite>
      <testsuite name="run (update)" file="tests/update-latest.test.ts" line="656" tests="6" assertions="8" failures="5" skipped="0" time="1.701" hostname="ubuntu">
        <testcase name="runs a single install at the root when changes are written" classname="run (update) &amp;gt; host effects" time="0.613661" file="tests/update-latest.test.ts" line="725" assertions="1">
          <failure type="AssertionError" />
        </testcase>
        <testcase name="a non-zero install exit is surfaced as installExitCode" classname="run (update) &amp;gt; host effects" time="0.679673" file="tests/update-latest.test.ts" line="735" assertions="1">
          <failure type="AssertionError" />
        </testcase>
        <testcase name="--only filters which packages are fetched and bumped" classname="run (update) &amp;gt; host effects" time="0.02167" file="tests/update-latest.test.ts" line="745" assertions="2">
          <failure type="AssertionError" />
        </testcase>
        <testcase name="recursively bumps members, dedupes fetches, skips internal/protocol/sentinel" classname="run (update) &amp;gt; host effects" time="0.187531" file="tests/update-latest.test.ts" line="687" assertions="1">
          <failure type="AssertionError" />
        </testcase>
        <testcase name="reports nothing to do when no bumpable entries exist" classname="run (update) &amp;gt; host effects" time="0.000482" file="tests/update-latest.test.ts" line="759" assertions="2" />
        <testcase name="--dry-run writes nothing and never spawns install" classname="run (update) &amp;gt; host effects" time="0.201875" file="tests/update-latest.test.ts" line="714" assertions="1">
          <failure type="AssertionError" />
        </testcase>
      </testsuite>
      <testsuite name="main" file="tests/update-latest.test.ts" line="1017" tests="3" assertions="6" failures="1" skipped="0" time="0.042" hostname="ubuntu">
        <testcase name="propagates a non-zero install exit code" classname="main &amp;gt; host effects" time="0.025977" file="tests/update-latest.test.ts" line="1039" assertions="1">
          <failure type="AssertionError" />
        </testcase>
        <testcase name="parses argv, runs (dry-run) and returns 0" classname="main &amp;gt; host effects" time="0.01759" file="tests/update-latest.test.ts" line="1018" assertions="3" />
        <testcase name="returns 1 when the target file is missing" classname="main &amp;gt; host effects" time="0.000283" file="tests/update-latest.test.ts" line="1031" assertions="2" />
      </testsuite>
      <testsuite name="terminal output" file="tests/update-latest.test.ts" line="1058" tests="7" assertions="16" failures="4" skipped="0" time="0.112" hostname="ubuntu">
        <testcase name="runToCatalog: an already-catalog tree logs &quot;Nothing to convert&quot;" classname="terminal output &amp;gt; host effects" time="0.000612" file="tests/update-latest.test.ts" line="1142" assertions="2" />
        <testcase name="runUpdate: a real write run logs &quot;Running bun install…&quot; and installs" classname="terminal output &amp;gt; host effects" time="0.02558" file="tests/update-latest.test.ts" line="1107" assertions="2">
          <failure type="AssertionError" />
        </testcase>
        <testcase name="runUpdate: a fetch failure prints ✗ to warn; others still bump to log" classname="terminal output &amp;gt; host effects" time="0.029133" file="tests/update-latest.test.ts" line="1092" assertions="1">
          <failure type="AssertionError" />
        </testcase>
        <testcase name="runUpdate: empty plan prints &quot;No bumpable entries&quot; and fetches nothing" classname="terminal output &amp;gt; host effects" time="0.002625" file="tests/update-latest.test.ts" line="1077" assertions="5" />
        <testcase name="main: a missing file prints &quot;Not found:&quot; to error and returns 1" classname="terminal output &amp;gt; host effects" time="0.001354" file="tests/update-latest.test.ts" line="1158" assertions="3" />
        <testcase name="runToCatalog: logs &quot;+ catalog ·&quot; rows + summary, &quot;!&quot; conflicts to warn" classname="terminal output &amp;gt; host effects" time="0.022107" file="tests/update-latest.test.ts" line="1122" assertions="1">
          <failure type="AssertionError" />
        </testcase>
        <testcase name="runUpdate: header, per-bump line, and summary go to log; nothing to warn/error" classname="terminal output &amp;gt; host effects" time="0.033166" file="tests/update-latest.test.ts" line="1059" assertions="2">
          <failure type="AssertionError" />
        </testcase>
      </testsuite>
      <testsuite name="fetchLatest" file="tests/update-latest.test.ts" line="624" tests="3" assertions="2" failures="3" skipped="0" time="0.214" hostname="ubuntu">
        <testcase name="200 returns version and encodes scoped names with %2F" classname="fetchLatest &amp;gt; host effects" time="0.178505" file="tests/update-latest.test.ts" line="625" assertions="0">
          <failure type="AssertionError" />
        </testcase>
        <testcase name="404 throws with status" classname="fetchLatest &amp;gt; host effects" time="0.019887" file="tests/update-latest.test.ts" line="634" assertions="1">
          <failure type="AssertionError" />
        </testcase>
        <testcase name="rejects bodies without a string version (dynamic per-call queue)" classname="fetchLatest &amp;gt; host effects" time="0.017058" file="tests/update-latest.test.ts" line="639" assertions="1">
          <failure type="AssertionError" />
        </testcase>
      </testsuite>
    </testsuite>
    <testsuite name="splitPrefix / bumpRange" file="tests/update-latest.test.ts" line="240" tests="2" assertions="0" failures="0" skipped="0" time="0" hostname="ubuntu">
      <testcase name="bumpRange preserves prefix; equal range is a no-op" classname="splitPrefix / bumpRange" time="0.000027" file="tests/update-latest.test.ts" line="254" assertions="0" />
      <testcase name="splits every prefix form" classname="splitPrefix / bumpRange" time="0.00003" file="tests/update-latest.test.ts" line="241" assertions="0" />
    </testsuite>
    <testsuite name="detectIndentUnit / formatJsonArray / formatJsonObject" file="tests/update-latest.test.ts" line="551" tests="3" assertions="0" failures="0" skipped="0" time="0" hostname="ubuntu">
      <testcase name="detectIndentUnit" classname="detectIndentUnit / formatJsonArray / formatJsonObject" time="0.000015" file="tests/update-latest.test.ts" line="552" assertions="0" />
      <testcase name="formatJsonArray" classname="detectIndentUnit / formatJsonArray / formatJsonObject" time="0.000012" file="tests/update-latest.test.ts" line="559" assertions="0" />
      <testcase name="formatJsonObject" classname="detectIndentUnit / formatJsonArray / formatJsonObject" time="0.000016" file="tests/update-latest.test.ts" line="564" assertions="0" />
    </testsuite>
    <testsuite name="isBumpableRange" file="tests/update-latest.test.ts" line="199" tests="3" assertions="0" failures="0" skipped="0" time="0" hostname="ubuntu">
      <testcase name="plain semver (incl. partial-x) is bumpable" classname="isBumpableRange" time="0.000009" file="tests/update-latest.test.ts" line="229" assertions="0" />
      <testcase name="protocol specifiers are never bumpable" classname="isBumpableRange" time="0.000008" file="tests/update-latest.test.ts" line="200" assertions="0" />
      <testcase name="sentinels are skipped by default, bumpable with --resolve-sentinels" classname="isBumpableRange" time="0.000009" file="tests/update-latest.test.ts" line="222" assertions="0" />
    </testsuite>
    <testsuite name="buildWorkFiles / collectMemberNames" file="tests/update-latest.test.ts" line="480" tests="3" assertions="0" failures="0" skipped="0" time="0" hostname="ubuntu">
      <testcase name="no workspaces -&gt; root only" classname="buildWorkFiles / collectMemberNames" time="0.000412" file="tests/update-latest.test.ts" line="513" assertions="0" />
      <testcase name="non-recursive -&gt; root only" classname="buildWorkFiles / collectMemberNames" time="0.00062" file="tests/update-latest.test.ts" line="489" assertions="0" />
      <testcase name="recursive array-form -&gt; root + members, each with its own entries" classname="buildWorkFiles / collectMemberNames" time="0.000945" file="tests/update-latest.test.ts" line="497" assertions="0" />
    </testsuite>
  </testsuite>
</testsuites>
